Using pre-set license
Built from '2021.2/staging' branch; Version is '2021.2.2f1 (5e2b1e92c7f8) revision 6171422'; Using compiler version '192829333'; Build Type 'Release'
OS: 'Windows 10 Pro; OS build 22000.376; Version 2009; 64bit' Language: 'ja' Physical Memory: 32553 MB
BatchMode: 1, IsHumanControllingUs: 0, StartBugReporterOnCrash: 0, Is64bit: 1, IsPro: 0

COMMAND LINE ARGUMENTS:
C:\Program Files\2021.2.2f1\Editor\Unity.exe
-adb2
-batchMode
-noUpm
-name
AssetImportWorker2
-projectPath
C:/Users/kcloc/UnityProject/RunAway
-logFile
Logs/AssetImportWorker2.log
-srvPort
60786
Successfully changed project path to: C:/Users/kcloc/UnityProject/RunAway
C:/Users/kcloc/UnityProject/RunAway
[UnityMemory] Configuration Parameters - Can be set up in boot.config
    "memorysetup-bucket-allocator-granularity=16"
    "memorysetup-bucket-allocator-bucket-count=8"
    "memorysetup-bucket-allocator-block-size=33554432"
    "memorysetup-bucket-allocator-block-count=8"
    "memorysetup-main-allocator-block-size=16777216"
    "memorysetup-thread-allocator-block-size=16777216"
    "memorysetup-gfx-main-allocator-block-size=16777216"
    "memorysetup-gfx-thread-allocator-block-size=16777216"
    "memorysetup-cache-allocator-block-size=4194304"
    "memorysetup-typetree-allocator-block-size=2097152"
    "memorysetup-profiler-bucket-allocator-granularity=16"
    "memorysetup-profiler-bucket-allocator-bucket-count=8"
    "memorysetup-profiler-bucket-allocator-block-size=33554432"
    "memorysetup-profiler-bucket-allocator-block-count=8"
    "memorysetup-profiler-allocator-block-size=16777216"
    "memorysetup-profiler-editor-allocator-block-size=1048576"
    "memorysetup-temp-allocator-size-main=16777216"
    "memorysetup-job-temp-allocator-block-size=2097152"
    "memorysetup-job-temp-allocator-block-size-background=1048576"
    "memorysetup-job-temp-allocator-reduction-small-platforms=262144"
    "memorysetup-temp-allocator-size-background-worker=32768"
    "memorysetup-temp-allocator-size-job-worker=262144"
    "memorysetup-temp-allocator-size-preload-manager=33554432"
    "memorysetup-temp-allocator-size-nav-mesh-worker=65536"
    "memorysetup-temp-allocator-size-audio-worker=65536"
    "memorysetup-temp-allocator-size-cloud-worker=32768"
    "memorysetup-temp-allocator-size-gi-baking-worker=262144"
    "memorysetup-temp-allocator-size-gfx=262144"
Refreshing native plugins compatible for Editor in 94.76 ms, found 3 plugins.
Preloading 0 native plugins for Editor in 0.00 ms.
Initialize engine version: 2021.2.2f1 (5e2b1e92c7f8)
[Subsystems] Discovering subsystems at path C:/Program Files/2021.2.2f1/Editor/Data/Resources/UnitySubsystems
[Subsystems] Discovering subsystems at path C:/Users/kcloc/UnityProject/RunAway/Assets
GfxDevice: creating device client; threaded=0; jobified=0
Direct3D:
    Version:  Direct3D 11.0 [level 11.1]
    Renderer: NVIDIA GeForce RTX 3070 Laptop GPU (ID=0x249d)
    Vendor:   NVIDIA
    VRAM:     8044 MB
    Driver:   30.0.14.9729
Initialize mono
Mono path[0] = 'C:/Program Files/2021.2.2f1/Editor/Data/Managed'
Mono path[1] = 'C:/Program Files/2021.2.2f1/Editor/Data/MonoBleedingEdge/lib/mono/unityjit-win32'
Mono config path = 'C:/Program Files/2021.2.2f1/Editor/Data/MonoBleedingEdge/etc'
Using monoOptions --debugger-agent=transport=dt_socket,embedding=1,server=y,suspend=n,address=127.0.0.1:56972
Begin MonoManager ReloadAssembly
Registering precompiled unity dll's ...
Register platform support module: C:/Program Files/2021.2.2f1/Editor/Data/PlaybackEngines/MacStandaloneSupport/UnityEditor.OSXStandalone.Extensions.dll
Register platform support module: C:/Program Files/2021.2.2f1/Editor/Data/PlaybackEngines/WindowsStandaloneSupport/UnityEditor.WindowsStandalone.Extensions.dll
Registered in 0.005619 seconds.
Native extension for WindowsStandalone target not found
Native extension for OSXStandalone target not found
Refreshing native plugins compatible for Editor in 81.70 ms, found 3 plugins.
Preloading 0 native plugins for Editor in 0.00 ms.
Mono: successfully reloaded assembly
- Completed reload, in  0.624 seconds
Domain Reload Profiling:
	ReloadAssembly (625ms)
		BeginReloadAssembly (83ms)
			ExecutionOrderSort (0ms)
			DisableScriptedObjects (0ms)
			BackupInstance (0ms)
			ReleaseScriptingObjects (0ms)
			CreateAndSetChildDomain (1ms)
		EndReloadAssembly (463ms)
			LoadAssemblies (80ms)
			RebuildTransferFunctionScriptingTraits (0ms)
			SetupTypeCache (106ms)
			ReleaseScriptCaches (0ms)
			RebuildScriptCaches (28ms)
			SetupLoadedEditorAssemblies (274ms)
				LogAssemblyErrors (0ms)
				InitializePlatformSupportModulesInManaged (16ms)
				SetLoadedEditorAssemblies (0ms)
				RefreshPlugins (82ms)
				BeforeProcessingInitializeOnLoad (1ms)
				ProcessInitializeOnLoadAttributes (126ms)
				ProcessInitializeOnLoadMethodAttributes (49ms)
				AfterProcessingInitializeOnLoad (0ms)
				EditorAssembliesLoaded (0ms)
			ExecutionOrderSort2 (0ms)
			AwakeInstancesAfterBackupRestoration (0ms)
Platform modules already initialized, skipping
Registering precompiled user dll's ...
Registered in 0.006264 seconds.
Begin MonoManager ReloadAssembly
Symbol file LoadedFromMemory doesn't match image C:\Users\kcloc\UnityProject\RunAway\Library\PackageCache\com.unity.visualscripting@1.7.6\Editor\VisualScripting.Core\Dependencies\YamlDotNet\Unity.VisualScripting.YamlDotNet.dll
Symbol file LoadedFromMemory doesn't match image C:\Users\kcloc\UnityProject\RunAway\Library\PackageCache\com.unity.visualscripting@1.7.6\Editor\VisualScripting.Core\Dependencies\DotNetZip\Unity.VisualScripting.IonicZip.dll
Native extension for WindowsStandalone target not found
Native extension for OSXStandalone target not found
Refreshing native plugins compatible for Editor in 0.61 ms, found 3 plugins.
Preloading 0 native plugins for Editor in 0.00 ms.
Mono: successfully reloaded assembly
- Completed reload, in  1.248 seconds
Domain Reload Profiling:
	ReloadAssembly (1249ms)
		BeginReloadAssembly (178ms)
			ExecutionOrderSort (0ms)
			DisableScriptedObjects (6ms)
			BackupInstance (0ms)
			ReleaseScriptingObjects (0ms)
			CreateAndSetChildDomain (19ms)
		EndReloadAssembly (973ms)
			LoadAssemblies (89ms)
			RebuildTransferFunctionScriptingTraits (0ms)
			SetupTypeCache (230ms)
			ReleaseScriptCaches (1ms)
			RebuildScriptCaches (51ms)
			SetupLoadedEditorAssemblies (510ms)
				LogAssemblyErrors (0ms)
				InitializePlatformSupportModulesInManaged (13ms)
				SetLoadedEditorAssemblies (0ms)
				RefreshPlugins (1ms)
				BeforeProcessingInitializeOnLoad (84ms)
				ProcessInitializeOnLoadAttributes (379ms)
				ProcessInitializeOnLoadMethodAttributes (23ms)
				AfterProcessingInitializeOnLoad (10ms)
				EditorAssembliesLoaded (0ms)
			ExecutionOrderSort2 (0ms)
			AwakeInstancesAfterBackupRestoration (6ms)
Platform modules already initialized, skipping
========================================================================
Worker process is ready to serve import requests
Launched and connected shader compiler UnityShaderCompiler.exe after 0.05 seconds
Refreshing native plugins compatible for Editor in 0.65 ms, found 3 plugins.
Preloading 0 native plugins for Editor in 0.00 ms.
Unloading 3520 Unused Serialized files (Serialized files now loaded: 0)
Unloading 98 unused Assets / (112.9 KB). Loaded Objects now: 3963.
Memory consumption went from 130.6 MB to 130.5 MB.
Total: 3.623000 ms (FindLiveObjects: 0.288100 ms CreateObjectMapping: 0.237400 ms MarkObjects: 2.863200 ms  DeleteObjects: 0.233400 ms)

AssetImportParameters requested are different than current active one (requested -> active):
  custom:video-decoder-ogg-theora: a1e56fd34408186e4bbccfd4996cb3dc -> 
  custom:container-muxer-webm: aa71ff27fc2769a1b78a27578f13a17b -> 
  custom:container-demuxer-webm: 4f35f7cbe854078d1ac9338744f61a02 -> 
  custom:video-encoder-webm-vp8: eb34c28f22e8b96e1ab97ce403110664 -> 
  custom:audio-encoder-webm-vorbis: bf7c407c2cedff20999df2af8eb42d56 -> 
  custom:framework-win-MediaFoundation: 216162199b28c13a410421893ffa2e32 -> 
  custom:container-demuxer-ogg: 62fdf1f143b41e24485cea50d1cbac27 -> 
  custom:video-decoder-webm-vp8: 9c59270c3fd7afecdb556c50c9e8de78 -> 
  custom:audio-decoder-ogg-vorbis: bf7c407c2cedff20999df2af8eb42d56 -> 
========================================================================
Received Import Request.
  Time since last request: 5982.922727 seconds.
  path: Assets/AssetStoreOriginals/_SNAPS_PrototypingAssets/SciFi_Industrial/Prefabs/Props
  artifactKey: Guid(80be559c8449f3c41bc7088615890c57) Importer(815301076,1909f56bfc062723c751e8b465ee728b)
Start importing Assets/AssetStoreOriginals/_SNAPS_PrototypingAssets/SciFi_Industrial/Prefabs/Props using Guid(80be559c8449f3c41bc7088615890c57) Importer(815301076,1909f56bfc062723c751e8b465ee728b)  -> (artifact id: '8848742fad5d646b5d09e58b7fb223df') in 0.008294 seconds 
========================================================================
Received Import Request.
  Time since last request: 0.064594 seconds.
  path: Assets/AssetStoreOriginals/_SNAPS_PrototypingAssets/SciFi_Industrial/Prefabs/Props/Barrel_01_snaps002.prefab
  artifactKey: Guid(eecb8c66bde2c244b94c10132b7aad0e) Importer(815301076,1909f56bfc062723c751e8b465ee728b)
Start importing Assets/AssetStoreOriginals/_SNAPS_PrototypingAssets/SciFi_Industrial/Prefabs/Props/Barrel_01_snaps002.prefab using Guid(eecb8c66bde2c244b94c10132b7aad0e) Importer(815301076,1909f56bfc062723c751e8b465ee728b)  -> (artifact id: '8c1497cec586ecfc7d04a46fd30a85bb') in 0.154969 seconds 
========================================================================
Received Import Request.
  Time since last request: 0.000026 seconds.
  path: Assets/AssetStoreOriginals/_SNAPS_PrototypingAssets/SciFi_Industrial/Prefabs/Props/DClamp_03_snaps002.prefab
  artifactKey: Guid(321181fb43eff3647929654b85eb8bd6) Importer(815301076,1909f56bfc062723c751e8b465ee728b)
Start importing Assets/AssetStoreOriginals/_SNAPS_PrototypingAssets/SciFi_Industrial/Prefabs/Props/DClamp_03_snaps002.prefab using Guid(321181fb43eff3647929654b85eb8bd6) Importer(815301076,1909f56bfc062723c751e8b465ee728b)  -> (artifact id: '8dada4732255422e066ed8d592eabb9c') in 0.017006 seconds 
========================================================================
Received Import Request.
  Time since last request: 0.000032 seconds.
  path: Assets/AssetStoreOriginals/_SNAPS_PrototypingAssets/SciFi_Industrial/Prefabs/Props/Crate_03_snaps002.prefab
  artifactKey: Guid(f60a68fd009415d44bee80b63a157895) Importer(815301076,1909f56bfc062723c751e8b465ee728b)
Start importing Assets/AssetStoreOriginals/_SNAPS_PrototypingAssets/SciFi_Industrial/Prefabs/Props/Crate_03_snaps002.prefab using Guid(f60a68fd009415d44bee80b63a157895) Importer(815301076,1909f56bfc062723c751e8b465ee728b)  -> (artifact id: '5df9bd2fb32ffcea5a3b2dc5a6a9c46c') in 0.026198 seconds 
========================================================================
Received Import Request.
  Time since last request: 0.000017 seconds.
  path: Assets/AssetStoreOriginals/_SNAPS_PrototypingAssets/SciFi_Industrial/Prefabs/Props/Pipe_S_snaps002.prefab
  artifactKey: Guid(8c39b59b8609eeb41846d53ddd3ce2a8) Importer(815301076,1909f56bfc062723c751e8b465ee728b)
Start importing Assets/AssetStoreOriginals/_SNAPS_PrototypingAssets/SciFi_Industrial/Prefabs/Props/Pipe_S_snaps002.prefab using Guid(8c39b59b8609eeb41846d53ddd3ce2a8) Importer(815301076,1909f56bfc062723c751e8b465ee728b)  -> (artifact id: '6111bc99eeaddf04a5aa40b01ad1acac') in 0.013019 seconds 
========================================================================
Received Import Request.
  Time since last request: 0.000031 seconds.
  path: Assets/AssetStoreOriginals/_SNAPS_PrototypingAssets/SciFi_Industrial/Prefabs/Props/Pipe_M_snaps002.prefab
  artifactKey: Guid(4d225f970f8e37d4e820f1cb8440987b) Importer(815301076,1909f56bfc062723c751e8b465ee728b)
Start importing Assets/AssetStoreOriginals/_SNAPS_PrototypingAssets/SciFi_Industrial/Prefabs/Props/Pipe_M_snaps002.prefab using Guid(4d225f970f8e37d4e820f1cb8440987b) Importer(815301076,1909f56bfc062723c751e8b465ee728b)  -> (artifact id: 'ad5448e0702a4de13f7f39f81fa02415') in 0.012491 seconds 
========================================================================
Received Import Request.
  Time since last request: 0.000021 seconds.
  path: Assets/AssetStoreOriginals/_SNAPS_PrototypingAssets/SciFi_Industrial/Prefabs/Props/Crate_01_snaps002.prefab
  artifactKey: Guid(f2b1c300a6cdfb14c98d8e2408ca7884) Importer(815301076,1909f56bfc062723c751e8b465ee728b)
Start importing Assets/AssetStoreOriginals/_SNAPS_PrototypingAssets/SciFi_Industrial/Prefabs/Props/Crate_01_snaps002.prefab using Guid(f2b1c300a6cdfb14c98d8e2408ca7884) Importer(815301076,1909f56bfc062723c751e8b465ee728b)  -> (artifact id: '5b02497ac134912b8aa387c69c2b3ede') in 0.013381 seconds 
========================================================================
Received Import Request.
  Time since last request: 0.000023 seconds.
  path: Assets/AssetStoreOriginals/_SNAPS_PrototypingAssets/SciFi_Industrial/Prefabs/Props/GuardRail_01_Joint_snaps002.prefab
  artifactKey: Guid(2620bdc8e640a444aa98776a364da7b3) Importer(815301076,1909f56bfc062723c751e8b465ee728b)
Start importing Assets/AssetStoreOriginals/_SNAPS_PrototypingAssets/SciFi_Industrial/Prefabs/Props/GuardRail_01_Joint_snaps002.prefab using Guid(2620bdc8e640a444aa98776a364da7b3) Importer(815301076,1909f56bfc062723c751e8b465ee728b)  -> (artifact id: 'acaff32b0287cb69a0bbb68351b77ec1') in 0.017500 seconds 
========================================================================
Received Import Request.
  Time since last request: 0.000017 seconds.
  path: Assets/AssetStoreOriginals/_SNAPS_PrototypingAssets/SciFi_Industrial/Prefabs/Props/DClamp_01_snaps002.prefab
  artifactKey: Guid(a658208b500e06f45a5aa4e7323f1ffe) Importer(815301076,1909f56bfc062723c751e8b465ee728b)
Start importing Assets/AssetStoreOriginals/_SNAPS_PrototypingAssets/SciFi_Industrial/Prefabs/Props/DClamp_01_snaps002.prefab using Guid(a658208b500e06f45a5aa4e7323f1ffe) Importer(815301076,1909f56bfc062723c751e8b465ee728b)  -> (artifact id: '04ae16c03c6fd1bfcabc477d4ab330db') in 0.016449 seconds 
========================================================================
Received Import Request.
  Time since last request: 9.862713 seconds.
  path: Assets/AssetStoreOriginals/_SNAPS_PrototypingAssets/About/Scripts
  artifactKey: Guid(1f545d0b97525424eb52e33ae79e86cb) Importer(815301076,1909f56bfc062723c751e8b465ee728b)
Start importing Assets/AssetStoreOriginals/_SNAPS_PrototypingAssets/About/Scripts using Guid(1f545d0b97525424eb52e33ae79e86cb) Importer(815301076,1909f56bfc062723c751e8b465ee728b)  -> (artifact id: 'b39c32293c189d40e83be027f1ae077f') in 0.003007 seconds 
========================================================================
Received Import Request.
  Time since last request: 1.081803 seconds.
  path: Assets/AssetStoreOriginals/_SNAPS_PrototypingAssets/About/Scripts/Editor
  artifactKey: Guid(eb38beb5b388cff4c81d97f7d8acc562) Importer(815301076,1909f56bfc062723c751e8b465ee728b)
Start importing Assets/AssetStoreOriginals/_SNAPS_PrototypingAssets/About/Scripts/Editor using Guid(eb38beb5b388cff4c81d97f7d8acc562) Importer(815301076,1909f56bfc062723c751e8b465ee728b)  -> (artifact id: '78f9db3aba3fbf06390e3b6d619db387') in 0.002397 seconds 
========================================================================
Received Import Request.
  Time since last request: 9.033283 seconds.
  path: Assets/AssetStoreOriginals/_SNAPS_PrototypingAssets/SciFi_Industrial/SampleScenes/SciFi_Industrial_SampleLayout.unity
  artifactKey: Guid(b2fa8882363c4644b93046de18bcbf19) Importer(815301076,1909f56bfc062723c751e8b465ee728b)
Start importing Assets/AssetStoreOriginals/_SNAPS_PrototypingAssets/SciFi_Industrial/SampleScenes/SciFi_Industrial_SampleLayout.unity using Guid(b2fa8882363c4644b93046de18bcbf19) Importer(815301076,1909f56bfc062723c751e8b465ee728b)  -> (artifact id: 'e71e843bcb2818573236c7b27f71b4b7') in 0.002984 seconds 
========================================================================
Received Import Request.
  Time since last request: 245.112320 seconds.
  path: Assets/Factory.prefab
  artifactKey: Guid(6da69b4786b2939429a2d7f858eb923d) Importer(815301076,1909f56bfc062723c751e8b465ee728b)
Start importing Assets/Factory.prefab using Guid(6da69b4786b2939429a2d7f858eb923d) Importer(815301076,1909f56bfc062723c751e8b465ee728b)  -> (artifact id: 'b8c9ecfe681c3d6a9a691f00550b90fd') in 0.167630 seconds 
========================================================================
Received Import Request.
  Time since last request: 576.500110 seconds.
  path: Assets/Factory.prefab
  artifactKey: Guid(6da69b4786b2939429a2d7f858eb923d) Importer(815301076,1909f56bfc062723c751e8b465ee728b)
Start importing Assets/Factory.prefab using Guid(6da69b4786b2939429a2d7f858eb923d) Importer(815301076,1909f56bfc062723c751e8b465ee728b)  -> (artifact id: 'c0a07e7188df483a4b79800378299b89') in 0.158242 seconds 
========================================================================
Received Import Request.
  Time since last request: 15.143315 seconds.
  path: Assets/Factory.prefab
  artifactKey: Guid(6da69b4786b2939429a2d7f858eb923d) Importer(815301076,1909f56bfc062723c751e8b465ee728b)
Start importing Assets/Factory.prefab using Guid(6da69b4786b2939429a2d7f858eb923d) Importer(815301076,1909f56bfc062723c751e8b465ee728b)  -> (artifact id: '9af494ff1696c5bfa1c38e85158ce752') in 0.144463 seconds 
========================================================================
Received Import Request.
  Time since last request: 9.084036 seconds.
  path: Assets/Factory.prefab
  artifactKey: Guid(6da69b4786b2939429a2d7f858eb923d) Importer(815301076,1909f56bfc062723c751e8b465ee728b)
Start importing Assets/Factory.prefab using Guid(6da69b4786b2939429a2d7f858eb923d) Importer(815301076,1909f56bfc062723c751e8b465ee728b)  -> (artifact id: 'a616e592528287a674cec3500ef5f524') in 0.147344 seconds 
========================================================================
Received Import Request.
  Time since last request: 21.764012 seconds.
  path: Assets/Factory.prefab
  artifactKey: Guid(6da69b4786b2939429a2d7f858eb923d) Importer(815301076,1909f56bfc062723c751e8b465ee728b)
Start importing Assets/Factory.prefab using Guid(6da69b4786b2939429a2d7f858eb923d) Importer(815301076,1909f56bfc062723c751e8b465ee728b)  -> (artifact id: '6025c9582dce644a0562fbce592c4eb1') in 0.146029 seconds 
========================================================================
Received Import Request.
  Time since last request: 0.774244 seconds.
  path: Assets/Factory.prefab
  artifactKey: Guid(6da69b4786b2939429a2d7f858eb923d) Importer(815301076,1909f56bfc062723c751e8b465ee728b)
Start importing Assets/Factory.prefab using Guid(6da69b4786b2939429a2d7f858eb923d) Importer(815301076,1909f56bfc062723c751e8b465ee728b)  -> (artifact id: '0d01d30bc487822497a65e3fdc2cf6d9') in 0.144367 seconds 
========================================================================
Received Import Request.
  Time since last request: 0.601104 seconds.
  path: Assets/Factory.prefab
  artifactKey: Guid(6da69b4786b2939429a2d7f858eb923d) Importer(815301076,1909f56bfc062723c751e8b465ee728b)
Start importing Assets/Factory.prefab using Guid(6da69b4786b2939429a2d7f858eb923d) Importer(815301076,1909f56bfc062723c751e8b465ee728b)  -> (artifact id: 'ed7ebab2e409e33ecfc869e1b10cb86f') in 0.150927 seconds 
========================================================================
Received Import Request.
  Time since last request: 3.451331 seconds.
  path: Assets/Factory.prefab
  artifactKey: Guid(6da69b4786b2939429a2d7f858eb923d) Importer(815301076,1909f56bfc062723c751e8b465ee728b)
Start importing Assets/Factory.prefab using Guid(6da69b4786b2939429a2d7f858eb923d) Importer(815301076,1909f56bfc062723c751e8b465ee728b)  -> (artifact id: '7f8ea99de0187064177786dd65c82092') in 0.149981 seconds 
========================================================================
Received Import Request.
  Time since last request: 0.786776 seconds.
  path: Assets/Factory.prefab
  artifactKey: Guid(6da69b4786b2939429a2d7f858eb923d) Importer(815301076,1909f56bfc062723c751e8b465ee728b)
Start importing Assets/Factory.prefab using Guid(6da69b4786b2939429a2d7f858eb923d) Importer(815301076,1909f56bfc062723c751e8b465ee728b)  -> (artifact id: '01d199b94321042b2fbded12e9407375') in 0.141065 seconds 
========================================================================
Received Import Request.
  Time since last request: 4.831872 seconds.
  path: Assets/Factory.prefab
  artifactKey: Guid(6da69b4786b2939429a2d7f858eb923d) Importer(815301076,1909f56bfc062723c751e8b465ee728b)
Start importing Assets/Factory.prefab using Guid(6da69b4786b2939429a2d7f858eb923d) Importer(815301076,1909f56bfc062723c751e8b465ee728b)  -> (artifact id: 'e1761f94d0ce056c129a404f1107c073') in 0.144746 seconds 
========================================================================
Received Import Request.
  Time since last request: 1.155512 seconds.
  path: Assets/Factory.prefab
  artifactKey: Guid(6da69b4786b2939429a2d7f858eb923d) Importer(815301076,1909f56bfc062723c751e8b465ee728b)
Start importing Assets/Factory.prefab using Guid(6da69b4786b2939429a2d7f858eb923d) Importer(815301076,1909f56bfc062723c751e8b465ee728b)  -> (artifact id: 'dca5aad9c1a458f583f4147bc8201ca3') in 0.141425 seconds 
========================================================================
Received Import Request.
  Time since last request: 6.025991 seconds.
  path: Assets/Factory.prefab
  artifactKey: Guid(6da69b4786b2939429a2d7f858eb923d) Importer(815301076,1909f56bfc062723c751e8b465ee728b)
Start importing Assets/Factory.prefab using Guid(6da69b4786b2939429a2d7f858eb923d) Importer(815301076,1909f56bfc062723c751e8b465ee728b)  -> (artifact id: '28f8c24a484fcaceecce5457a20cb171') in 0.140700 seconds 
========================================================================
Received Import Request.
  Time since last request: 1.148297 seconds.
  path: Assets/Factory.prefab
  artifactKey: Guid(6da69b4786b2939429a2d7f858eb923d) Importer(815301076,1909f56bfc062723c751e8b465ee728b)
Start importing Assets/Factory.prefab using Guid(6da69b4786b2939429a2d7f858eb923d) Importer(815301076,1909f56bfc062723c751e8b465ee728b)  -> (artifact id: '11a804d044b1326a641c6526b85ec1a7') in 0.137885 seconds 
========================================================================
Received Import Request.
  Time since last request: 1.350169 seconds.
  path: Assets/Factory.prefab
  artifactKey: Guid(6da69b4786b2939429a2d7f858eb923d) Importer(815301076,1909f56bfc062723c751e8b465ee728b)
Start importing Assets/Factory.prefab using Guid(6da69b4786b2939429a2d7f858eb923d) Importer(815301076,1909f56bfc062723c751e8b465ee728b)  -> (artifact id: '6bf7b9a485db25866b55112d9367de8c') in 0.150199 seconds 
========================================================================
Received Import Request.
  Time since last request: 0.959834 seconds.
  path: Assets/Factory.prefab
  artifactKey: Guid(6da69b4786b2939429a2d7f858eb923d) Importer(815301076,1909f56bfc062723c751e8b465ee728b)
Start importing Assets/Factory.prefab using Guid(6da69b4786b2939429a2d7f858eb923d) Importer(815301076,1909f56bfc062723c751e8b465ee728b)  -> (artifact id: '84465d5b022649b9b4ab1e7dc77a6a34') in 0.146557 seconds 
========================================================================
Received Import Request.
  Time since last request: 1.154250 seconds.
  path: Assets/Factory.prefab
  artifactKey: Guid(6da69b4786b2939429a2d7f858eb923d) Importer(815301076,1909f56bfc062723c751e8b465ee728b)
Start importing Assets/Factory.prefab using Guid(6da69b4786b2939429a2d7f858eb923d) Importer(815301076,1909f56bfc062723c751e8b465ee728b)  -> (artifact id: '43f3127a464322ce5b9cf450c4b09a98') in 0.140262 seconds 
========================================================================
Received Import Request.
  Time since last request: 2.365163 seconds.
  path: Assets/Factory.prefab
  artifactKey: Guid(6da69b4786b2939429a2d7f858eb923d) Importer(815301076,1909f56bfc062723c751e8b465ee728b)
Start importing Assets/Factory.prefab using Guid(6da69b4786b2939429a2d7f858eb923d) Importer(815301076,1909f56bfc062723c751e8b465ee728b)  -> (artifact id: '43f2eb9c2e5819e8a18dcd2223e52ec5') in 0.135548 seconds 
========================================================================
Received Import Request.
  Time since last request: 6.425265 seconds.
  path: Assets/Factory.prefab
  artifactKey: Guid(6da69b4786b2939429a2d7f858eb923d) Importer(815301076,1909f56bfc062723c751e8b465ee728b)
Start importing Assets/Factory.prefab using Guid(6da69b4786b2939429a2d7f858eb923d) Importer(815301076,1909f56bfc062723c751e8b465ee728b)  -> (artifact id: '8cdd1c085b877523ac8e14503fb3da3c') in 0.140949 seconds 
========================================================================
Received Import Request.
  Time since last request: 116.443268 seconds.
  path: Assets/Factory.prefab
  artifactKey: Guid(6da69b4786b2939429a2d7f858eb923d) Importer(815301076,1909f56bfc062723c751e8b465ee728b)
Start importing Assets/Factory.prefab using Guid(6da69b4786b2939429a2d7f858eb923d) Importer(815301076,1909f56bfc062723c751e8b465ee728b)  -> (artifact id: 'bc264bfec66fadbbe6a98c7381e2290d') in 0.130196 seconds 
========================================================================
Received Import Request.
  Time since last request: 1.207874 seconds.
  path: Assets/Factory.prefab
  artifactKey: Guid(6da69b4786b2939429a2d7f858eb923d) Importer(815301076,1909f56bfc062723c751e8b465ee728b)
Start importing Assets/Factory.prefab using Guid(6da69b4786b2939429a2d7f858eb923d) Importer(815301076,1909f56bfc062723c751e8b465ee728b)  -> (artifact id: 'ae4455f5520b749b73079d048df23601') in 0.136576 seconds 
========================================================================
Received Import Request.
  Time since last request: 0.971752 seconds.
  path: Assets/Factory.prefab
  artifactKey: Guid(6da69b4786b2939429a2d7f858eb923d) Importer(815301076,1909f56bfc062723c751e8b465ee728b)
Start importing Assets/Factory.prefab using Guid(6da69b4786b2939429a2d7f858eb923d) Importer(815301076,1909f56bfc062723c751e8b465ee728b)  -> (artifact id: '3f7cfd93551d7fbf18d06adf21d46aa3') in 0.128386 seconds 
========================================================================
Received Import Request.
  Time since last request: 0.999305 seconds.
  path: Assets/Factory.prefab
  artifactKey: Guid(6da69b4786b2939429a2d7f858eb923d) Importer(815301076,1909f56bfc062723c751e8b465ee728b)
Start importing Assets/Factory.prefab using Guid(6da69b4786b2939429a2d7f858eb923d) Importer(815301076,1909f56bfc062723c751e8b465ee728b)  -> (artifact id: '5edc4ce1d302a35fda78f71d9f2e1b77') in 0.138315 seconds 
========================================================================
Received Import Request.
  Time since last request: 1.355032 seconds.
  path: Assets/Factory.prefab
  artifactKey: Guid(6da69b4786b2939429a2d7f858eb923d) Importer(815301076,1909f56bfc062723c751e8b465ee728b)
Start importing Assets/Factory.prefab using Guid(6da69b4786b2939429a2d7f858eb923d) Importer(815301076,1909f56bfc062723c751e8b465ee728b)  -> (artifact id: '78a6f604b93b0563ab8585b330e53bb4') in 0.132518 seconds 
========================================================================
Received Import Request.
  Time since last request: 2.426597 seconds.
  path: Assets/Factory.prefab
  artifactKey: Guid(6da69b4786b2939429a2d7f858eb923d) Importer(815301076,1909f56bfc062723c751e8b465ee728b)
Start importing Assets/Factory.prefab using Guid(6da69b4786b2939429a2d7f858eb923d) Importer(815301076,1909f56bfc062723c751e8b465ee728b)  -> (artifact id: 'd56fb80c4936fe0dd99eb8443c2fc5a9') in 0.129933 seconds 
========================================================================
Received Import Request.
  Time since last request: 1.761958 seconds.
  path: Assets/Factory.prefab
  artifactKey: Guid(6da69b4786b2939429a2d7f858eb923d) Importer(815301076,1909f56bfc062723c751e8b465ee728b)
Start importing Assets/Factory.prefab using Guid(6da69b4786b2939429a2d7f858eb923d) Importer(815301076,1909f56bfc062723c751e8b465ee728b)  -> (artifact id: 'd8355ae808b398ff4251659718940662') in 0.132459 seconds 
========================================================================
Received Import Request.
  Time since last request: 1.994610 seconds.
  path: Assets/Factory.prefab
  artifactKey: Guid(6da69b4786b2939429a2d7f858eb923d) Importer(815301076,1909f56bfc062723c751e8b465ee728b)
Start importing Assets/Factory.prefab using Guid(6da69b4786b2939429a2d7f858eb923d) Importer(815301076,1909f56bfc062723c751e8b465ee728b)  -> (artifact id: '05f0f3d8deb66ef2d6f4ecbf12b3ed88') in 0.130246 seconds 
========================================================================
Received Import Request.
  Time since last request: 23.833755 seconds.
  path: Assets/Factory.prefab
  artifactKey: Guid(6da69b4786b2939429a2d7f858eb923d) Importer(815301076,1909f56bfc062723c751e8b465ee728b)
Start importing Assets/Factory.prefab using Guid(6da69b4786b2939429a2d7f858eb923d) Importer(815301076,1909f56bfc062723c751e8b465ee728b)  -> (artifact id: 'c1a9b2eaeb0de4fdb1316e74293b0ab8') in 0.134759 seconds 
========================================================================
Received Import Request.
  Time since last request: 0.953745 seconds.
  path: Assets/Factory.prefab
  artifactKey: Guid(6da69b4786b2939429a2d7f858eb923d) Importer(815301076,1909f56bfc062723c751e8b465ee728b)
Start importing Assets/Factory.prefab using Guid(6da69b4786b2939429a2d7f858eb923d) Importer(815301076,1909f56bfc062723c751e8b465ee728b)  -> (artifact id: '4e22723b84def68eb8ecb455c4208268') in 0.130666 seconds 
========================================================================
Received Import Request.
  Time since last request: 1.154295 seconds.
  path: Assets/Factory.prefab
  artifactKey: Guid(6da69b4786b2939429a2d7f858eb923d) Importer(815301076,1909f56bfc062723c751e8b465ee728b)
Start importing Assets/Factory.prefab using Guid(6da69b4786b2939429a2d7f858eb923d) Importer(815301076,1909f56bfc062723c751e8b465ee728b)  -> (artifact id: 'dc8335d0e4e42cb41e2220ea3d852e7f') in 0.131703 seconds 
========================================================================
Received Import Request.
  Time since last request: 1.758634 seconds.
  path: Assets/Factory.prefab
  artifactKey: Guid(6da69b4786b2939429a2d7f858eb923d) Importer(815301076,1909f56bfc062723c751e8b465ee728b)
Start importing Assets/Factory.prefab using Guid(6da69b4786b2939429a2d7f858eb923d) Importer(815301076,1909f56bfc062723c751e8b465ee728b)  -> (artifact id: 'd4fbdf9da94829c1710e30f67e89836a') in 0.123185 seconds 
========================================================================
Received Import Request.
  Time since last request: 0.966626 seconds.
  path: Assets/Factory.prefab
  artifactKey: Guid(6da69b4786b2939429a2d7f858eb923d) Importer(815301076,1909f56bfc062723c751e8b465ee728b)
Start importing Assets/Factory.prefab using Guid(6da69b4786b2939429a2d7f858eb923d) Importer(815301076,1909f56bfc062723c751e8b465ee728b)  -> (artifact id: '1520b4f018fe69137f7f49211f0fca50') in 0.130794 seconds 
========================================================================
Received Import Request.
  Time since last request: 2134.222128 seconds.
  path: Assets/Factory.prefab
  artifactKey: Guid(6da69b4786b2939429a2d7f858eb923d) Importer(815301076,1909f56bfc062723c751e8b465ee728b)
Start importing Assets/Factory.prefab using Guid(6da69b4786b2939429a2d7f858eb923d) Importer(815301076,1909f56bfc062723c751e8b465ee728b)  -> (artifact id: 'aaa5609b96900524b38aeb103f41745e') in 0.161539 seconds 
========================================================================
Received Prepare
Registering precompiled user dll's ...
Registered in 0.006254 seconds.
Begin MonoManager ReloadAssembly
Symbol file LoadedFromMemory doesn't match image C:\Users\kcloc\UnityProject\RunAway\Library\PackageCache\com.unity.visualscripting@1.7.6\Editor\VisualScripting.Core\Dependencies\YamlDotNet\Unity.VisualScripting.YamlDotNet.dll
Symbol file LoadedFromMemory doesn't match image C:\Users\kcloc\UnityProject\RunAway\Library\PackageCache\com.unity.visualscripting@1.7.6\Editor\VisualScripting.Core\Dependencies\DotNetZip\Unity.VisualScripting.IonicZip.dll
Native extension for WindowsStandalone target not found
Native extension for OSXStandalone target not found
Refreshing native plugins compatible for Editor in 0.74 ms, found 3 plugins.
Preloading 0 native plugins for Editor in 0.00 ms.
Warning: Annotation not found!
UnityEngine.StackTraceUtility:ExtractStackTrace ()
UnityEditor.ProBuilder.EditorUtility:SetGizmoIconEnabled (System.Type,bool) (at Library/PackageCache/com.unity.probuilder@5.0.3/Editor/EditorCore/EditorUtility.cs:575)
UnityEditor.ProBuilder.HierarchyListener:.cctor () (at Library/PackageCache/com.unity.probuilder@5.0.3/Editor/EditorCore/HierarchyListener.cs:21)
System.Runtime.CompilerServices.RuntimeHelpers:RunClassConstructor (System.RuntimeTypeHandle)
UnityEditor.EditorAssemblies:ProcessInitializeOnLoadAttributes (System.Type[])

[Library/PackageCache/com.unity.probuilder@5.0.3/Editor/EditorCore/EditorUtility.cs line 575]

Mono: successfully reloaded assembly
- Completed reload, in  1.152 seconds
Domain Reload Profiling:
	ReloadAssembly (1153ms)
		BeginReloadAssembly (143ms)
			ExecutionOrderSort (0ms)
			DisableScriptedObjects (4ms)
			BackupInstance (0ms)
			ReleaseScriptingObjects (0ms)
			CreateAndSetChildDomain (35ms)
		EndReloadAssembly (885ms)
			LoadAssemblies (90ms)
			RebuildTransferFunctionScriptingTraits (0ms)
			SetupTypeCache (258ms)
			ReleaseScriptCaches (2ms)
			RebuildScriptCaches (46ms)
			SetupLoadedEditorAssemblies (377ms)
				LogAssemblyErrors (0ms)
				InitializePlatformSupportModulesInManaged (15ms)
				SetLoadedEditorAssemblies (1ms)
				RefreshPlugins (1ms)
				BeforeProcessingInitializeOnLoad (73ms)
				ProcessInitializeOnLoadAttributes (251ms)
				ProcessInitializeOnLoadMethodAttributes (26ms)
				AfterProcessingInitializeOnLoad (10ms)
				EditorAssembliesLoaded (0ms)
			ExecutionOrderSort2 (0ms)
			AwakeInstancesAfterBackupRestoration (6ms)
Platform modules already initialized, skipping
Refreshing native plugins compatible for Editor in 0.69 ms, found 3 plugins.
Preloading 0 native plugins for Editor in 0.00 ms.
Unloading 3477 Unused Serialized files (Serialized files now loaded: 0)
Unloading 19 unused Assets / (77.6 KB). Loaded Objects now: 3971.
Memory consumption went from 135.6 MB to 135.5 MB.
Total: 3.407900 ms (FindLiveObjects: 0.309200 ms CreateObjectMapping: 0.279600 ms MarkObjects: 2.701500 ms  DeleteObjects: 0.116500 ms)

AssetImportParameters requested are different than current active one (requested -> active):
  custom:video-decoder-ogg-theora: a1e56fd34408186e4bbccfd4996cb3dc -> 
  custom:container-muxer-webm: aa71ff27fc2769a1b78a27578f13a17b -> 
  custom:container-demuxer-webm: 4f35f7cbe854078d1ac9338744f61a02 -> 
  custom:video-encoder-webm-vp8: eb34c28f22e8b96e1ab97ce403110664 -> 
  custom:audio-encoder-webm-vorbis: bf7c407c2cedff20999df2af8eb42d56 -> 
  custom:framework-win-MediaFoundation: 216162199b28c13a410421893ffa2e32 -> 
  custom:container-demuxer-ogg: 62fdf1f143b41e24485cea50d1cbac27 -> 
  custom:video-decoder-webm-vp8: 9c59270c3fd7afecdb556c50c9e8de78 -> 
  custom:audio-decoder-ogg-vorbis: bf7c407c2cedff20999df2af8eb42d56 -> 
========================================================================
Received Import Request.
  Time since last request: 99.983621 seconds.
  path: Assets/Factory.prefab
  artifactKey: Guid(6da69b4786b2939429a2d7f858eb923d) Importer(815301076,1909f56bfc062723c751e8b465ee728b)
Start importing Assets/Factory.prefab using Guid(6da69b4786b2939429a2d7f858eb923d) Importer(815301076,1909f56bfc062723c751e8b465ee728b)  -> (artifact id: 'bd29de5a37f2dcc24bfd079d6de24341') in 0.199069 seconds 
========================================================================
Received Import Request.
  Time since last request: 2.563940 seconds.
  path: Assets/Factory.prefab
  artifactKey: Guid(6da69b4786b2939429a2d7f858eb923d) Importer(815301076,1909f56bfc062723c751e8b465ee728b)
Start importing Assets/Factory.prefab using Guid(6da69b4786b2939429a2d7f858eb923d) Importer(815301076,1909f56bfc062723c751e8b465ee728b)  -> (artifact id: '7c604995a89579ff5ef1af6c9aff7410') in 0.149613 seconds 
========================================================================
Received Prepare
Registering precompiled user dll's ...
Registered in 0.005450 seconds.
Begin MonoManager ReloadAssembly
Symbol file LoadedFromMemory doesn't match image C:\Users\kcloc\UnityProject\RunAway\Library\PackageCache\com.unity.visualscripting@1.7.6\Editor\VisualScripting.Core\Dependencies\YamlDotNet\Unity.VisualScripting.YamlDotNet.dll
Symbol file LoadedFromMemory doesn't match image C:\Users\kcloc\UnityProject\RunAway\Library\PackageCache\com.unity.visualscripting@1.7.6\Editor\VisualScripting.Core\Dependencies\DotNetZip\Unity.VisualScripting.IonicZip.dll
Native extension for WindowsStandalone target not found
Native extension for OSXStandalone target not found
Refreshing native plugins compatible for Editor in 0.69 ms, found 3 plugins.
Preloading 0 native plugins for Editor in 0.00 ms.
Warning: Annotation not found!
UnityEngine.StackTraceUtility:ExtractStackTrace ()
UnityEditor.ProBuilder.EditorUtility:SetGizmoIconEnabled (System.Type,bool) (at Library/PackageCache/com.unity.probuilder@5.0.3/Editor/EditorCore/EditorUtility.cs:575)
UnityEditor.ProBuilder.HierarchyListener:.cctor () (at Library/PackageCache/com.unity.probuilder@5.0.3/Editor/EditorCore/HierarchyListener.cs:21)
System.Runtime.CompilerServices.RuntimeHelpers:RunClassConstructor (System.RuntimeTypeHandle)
UnityEditor.EditorAssemblies:ProcessInitializeOnLoadAttributes (System.Type[])

[Library/PackageCache/com.unity.probuilder@5.0.3/Editor/EditorCore/EditorUtility.cs line 575]

Mono: successfully reloaded assembly
- Completed reload, in  1.130 seconds
Domain Reload Profiling:
	ReloadAssembly (1131ms)
		BeginReloadAssembly (143ms)
			ExecutionOrderSort (0ms)
			DisableScriptedObjects (5ms)
			BackupInstance (0ms)
			ReleaseScriptingObjects (0ms)
			CreateAndSetChildDomain (35ms)
		EndReloadAssembly (885ms)
			LoadAssemblies (87ms)
			RebuildTransferFunctionScriptingTraits (0ms)
			SetupTypeCache (241ms)
			ReleaseScriptCaches (1ms)
			RebuildScriptCaches (52ms)
			SetupLoadedEditorAssemblies (380ms)
				LogAssemblyErrors (0ms)
				InitializePlatformSupportModulesInManaged (14ms)
				SetLoadedEditorAssemblies (1ms)
				RefreshPlugins (1ms)
				BeforeProcessingInitializeOnLoad (76ms)
				ProcessInitializeOnLoadAttributes (251ms)
				ProcessInitializeOnLoadMethodAttributes (27ms)
				AfterProcessingInitializeOnLoad (10ms)
				EditorAssembliesLoaded (0ms)
			ExecutionOrderSort2 (0ms)
			AwakeInstancesAfterBackupRestoration (6ms)
Platform modules already initialized, skipping
Refreshing native plugins compatible for Editor in 0.70 ms, found 3 plugins.
Preloading 0 native plugins for Editor in 0.00 ms.
Unloading 3477 Unused Serialized files (Serialized files now loaded: 0)
Unloading 19 unused Assets / (77.5 KB). Loaded Objects now: 3973.
Memory consumption went from 135.6 MB to 135.5 MB.
Total: 3.447400 ms (FindLiveObjects: 0.376900 ms CreateObjectMapping: 0.249800 ms MarkObjects: 2.711000 ms  DeleteObjects: 0.108700 ms)

AssetImportParameters requested are different than current active one (requested -> active):
  custom:video-decoder-ogg-theora: a1e56fd34408186e4bbccfd4996cb3dc -> 
  custom:container-muxer-webm: aa71ff27fc2769a1b78a27578f13a17b -> 
  custom:container-demuxer-webm: 4f35f7cbe854078d1ac9338744f61a02 -> 
  custom:video-encoder-webm-vp8: eb34c28f22e8b96e1ab97ce403110664 -> 
  custom:audio-encoder-webm-vorbis: bf7c407c2cedff20999df2af8eb42d56 -> 
  custom:framework-win-MediaFoundation: 216162199b28c13a410421893ffa2e32 -> 
  custom:container-demuxer-ogg: 62fdf1f143b41e24485cea50d1cbac27 -> 
  custom:video-decoder-webm-vp8: 9c59270c3fd7afecdb556c50c9e8de78 -> 
  custom:audio-decoder-ogg-vorbis: bf7c407c2cedff20999df2af8eb42d56 -> 
========================================================================
Received Prepare
Registering precompiled user dll's ...
Registered in 0.005571 seconds.
Begin MonoManager ReloadAssembly
Symbol file LoadedFromMemory doesn't match image C:\Users\kcloc\UnityProject\RunAway\Library\PackageCache\com.unity.visualscripting@1.7.6\Editor\VisualScripting.Core\Dependencies\YamlDotNet\Unity.VisualScripting.YamlDotNet.dll
Symbol file LoadedFromMemory doesn't match image C:\Users\kcloc\UnityProject\RunAway\Library\PackageCache\com.unity.visualscripting@1.7.6\Editor\VisualScripting.Core\Dependencies\DotNetZip\Unity.VisualScripting.IonicZip.dll
Native extension for WindowsStandalone target not found
Native extension for OSXStandalone target not found
Refreshing native plugins compatible for Editor in 0.72 ms, found 3 plugins.
Preloading 0 native plugins for Editor in 0.00 ms.
Warning: Annotation not found!
UnityEngine.StackTraceUtility:ExtractStackTrace ()
UnityEditor.ProBuilder.EditorUtility:SetGizmoIconEnabled (System.Type,bool) (at Library/PackageCache/com.unity.probuilder@5.0.3/Editor/EditorCore/EditorUtility.cs:575)
UnityEditor.ProBuilder.HierarchyListener:.cctor () (at Library/PackageCache/com.unity.probuilder@5.0.3/Editor/EditorCore/HierarchyListener.cs:21)
System.Runtime.CompilerServices.RuntimeHelpers:RunClassConstructor (System.RuntimeTypeHandle)
UnityEditor.EditorAssemblies:ProcessInitializeOnLoadAttributes (System.Type[])

[Library/PackageCache/com.unity.probuilder@5.0.3/Editor/EditorCore/EditorUtility.cs line 575]

Mono: successfully reloaded assembly
- Completed reload, in  1.125 seconds
Domain Reload Profiling:
	ReloadAssembly (1126ms)
		BeginReloadAssembly (139ms)
			ExecutionOrderSort (0ms)
			DisableScriptedObjects (6ms)
			BackupInstance (0ms)
			ReleaseScriptingObjects (0ms)
			CreateAndSetChildDomain (34ms)
		EndReloadAssembly (883ms)
			LoadAssemblies (83ms)
			RebuildTransferFunctionScriptingTraits (0ms)
			SetupTypeCache (249ms)
			ReleaseScriptCaches (2ms)
			RebuildScriptCaches (45ms)
			SetupLoadedEditorAssemblies (384ms)
				LogAssemblyErrors (0ms)
				InitializePlatformSupportModulesInManaged (16ms)
				SetLoadedEditorAssemblies (1ms)
				RefreshPlugins (1ms)
				BeforeProcessingInitializeOnLoad (70ms)
				ProcessInitializeOnLoadAttributes (260ms)
				ProcessInitializeOnLoadMethodAttributes (27ms)
				AfterProcessingInitializeOnLoad (9ms)
				EditorAssembliesLoaded (0ms)
			ExecutionOrderSort2 (0ms)
			AwakeInstancesAfterBackupRestoration (7ms)
Platform modules already initialized, skipping
Refreshing native plugins compatible for Editor in 0.68 ms, found 3 plugins.
Preloading 0 native plugins for Editor in 0.00 ms.
Unloading 3477 Unused Serialized files (Serialized files now loaded: 0)
Unloading 19 unused Assets / (85.4 KB). Loaded Objects now: 3975.
Memory consumption went from 135.6 MB to 135.5 MB.
Total: 3.995100 ms (FindLiveObjects: 0.404600 ms CreateObjectMapping: 0.413200 ms MarkObjects: 3.082800 ms  DeleteObjects: 0.092900 ms)

AssetImportParameters requested are different than current active one (requested -> active):
  custom:video-decoder-ogg-theora: a1e56fd34408186e4bbccfd4996cb3dc -> 
  custom:container-muxer-webm: aa71ff27fc2769a1b78a27578f13a17b -> 
  custom:container-demuxer-webm: 4f35f7cbe854078d1ac9338744f61a02 -> 
  custom:video-encoder-webm-vp8: eb34c28f22e8b96e1ab97ce403110664 -> 
  custom:audio-encoder-webm-vorbis: bf7c407c2cedff20999df2af8eb42d56 -> 
  custom:framework-win-MediaFoundation: 216162199b28c13a410421893ffa2e32 -> 
  custom:container-demuxer-ogg: 62fdf1f143b41e24485cea50d1cbac27 -> 
  custom:video-decoder-webm-vp8: 9c59270c3fd7afecdb556c50c9e8de78 -> 
  custom:audio-decoder-ogg-vorbis: bf7c407c2cedff20999df2af8eb42d56 -> 
