Using pre-set license
Built from '2021.2/staging' branch; Version is '2021.2.2f1 (5e2b1e92c7f8) revision 6171422'; Using compiler version '192829333'; Build Type 'Release'
OS: 'Windows 10 Pro; OS build 22000.376; Version 2009; 64bit' Language: 'ja' Physical Memory: 32553 MB
BatchMode: 1, IsHumanControllingUs: 0, StartBugReporterOnCrash: 0, Is64bit: 1, IsPro: 0

COMMAND LINE ARGUMENTS:
C:\Program Files\2021.2.2f1\Editor\Unity.exe
-adb2
-batchMode
-noUpm
-name
AssetImportWorker1
-projectPath
C:/Users/kcloc/UnityProject/RunAway
-logFile
Logs/AssetImportWorker1.log
-srvPort
60786
Successfully changed project path to: C:/Users/kcloc/UnityProject/RunAway
C:/Users/kcloc/UnityProject/RunAway
[UnityMemory] Configuration Parameters - Can be set up in boot.config
    "memorysetup-bucket-allocator-granularity=16"
    "memorysetup-bucket-allocator-bucket-count=8"
    "memorysetup-bucket-allocator-block-size=33554432"
    "memorysetup-bucket-allocator-block-count=8"
    "memorysetup-main-allocator-block-size=16777216"
    "memorysetup-thread-allocator-block-size=16777216"
    "memorysetup-gfx-main-allocator-block-size=16777216"
    "memorysetup-gfx-thread-allocator-block-size=16777216"
    "memorysetup-cache-allocator-block-size=4194304"
    "memorysetup-typetree-allocator-block-size=2097152"
    "memorysetup-profiler-bucket-allocator-granularity=16"
    "memorysetup-profiler-bucket-allocator-bucket-count=8"
    "memorysetup-profiler-bucket-allocator-block-size=33554432"
    "memorysetup-profiler-bucket-allocator-block-count=8"
    "memorysetup-profiler-allocator-block-size=16777216"
    "memorysetup-profiler-editor-allocator-block-size=1048576"
    "memorysetup-temp-allocator-size-main=16777216"
    "memorysetup-job-temp-allocator-block-size=2097152"
    "memorysetup-job-temp-allocator-block-size-background=1048576"
    "memorysetup-job-temp-allocator-reduction-small-platforms=262144"
    "memorysetup-temp-allocator-size-background-worker=32768"
    "memorysetup-temp-allocator-size-job-worker=262144"
    "memorysetup-temp-allocator-size-preload-manager=33554432"
    "memorysetup-temp-allocator-size-nav-mesh-worker=65536"
    "memorysetup-temp-allocator-size-audio-worker=65536"
    "memorysetup-temp-allocator-size-cloud-worker=32768"
    "memorysetup-temp-allocator-size-gi-baking-worker=262144"
    "memorysetup-temp-allocator-size-gfx=262144"
Refreshing native plugins compatible for Editor in 81.04 ms, found 3 plugins.
Preloading 0 native plugins for Editor in 0.00 ms.
Initialize engine version: 2021.2.2f1 (5e2b1e92c7f8)
[Subsystems] Discovering subsystems at path C:/Program Files/2021.2.2f1/Editor/Data/Resources/UnitySubsystems
[Subsystems] Discovering subsystems at path C:/Users/kcloc/UnityProject/RunAway/Assets
GfxDevice: creating device client; threaded=0; jobified=0
Direct3D:
    Version:  Direct3D 11.0 [level 11.1]
    Renderer: NVIDIA GeForce RTX 3070 Laptop GPU (ID=0x249d)
    Vendor:   NVIDIA
    VRAM:     8044 MB
    Driver:   30.0.14.9729
Initialize mono
Mono path[0] = 'C:/Program Files/2021.2.2f1/Editor/Data/Managed'
Mono path[1] = 'C:/Program Files/2021.2.2f1/Editor/Data/MonoBleedingEdge/lib/mono/unityjit-win32'
Mono config path = 'C:/Program Files/2021.2.2f1/Editor/Data/MonoBleedingEdge/etc'
Using monoOptions --debugger-agent=transport=dt_socket,embedding=1,server=y,suspend=n,address=127.0.0.1:56712
Begin MonoManager ReloadAssembly
Registering precompiled unity dll's ...
Register platform support module: C:/Program Files/2021.2.2f1/Editor/Data/PlaybackEngines/MacStandaloneSupport/UnityEditor.OSXStandalone.Extensions.dll
Register platform support module: C:/Program Files/2021.2.2f1/Editor/Data/PlaybackEngines/WindowsStandaloneSupport/UnityEditor.WindowsStandalone.Extensions.dll
Registered in 0.004790 seconds.
Native extension for WindowsStandalone target not found
Native extension for OSXStandalone target not found
Refreshing native plugins compatible for Editor in 79.54 ms, found 3 plugins.
Preloading 0 native plugins for Editor in 0.00 ms.
Mono: successfully reloaded assembly
- Completed reload, in  0.594 seconds
Domain Reload Profiling:
	ReloadAssembly (595ms)
		BeginReloadAssembly (71ms)
			ExecutionOrderSort (0ms)
			DisableScriptedObjects (0ms)
			BackupInstance (0ms)
			ReleaseScriptingObjects (0ms)
			CreateAndSetChildDomain (1ms)
		EndReloadAssembly (447ms)
			LoadAssemblies (68ms)
			RebuildTransferFunctionScriptingTraits (0ms)
			SetupTypeCache (97ms)
			ReleaseScriptCaches (0ms)
			RebuildScriptCaches (27ms)
			SetupLoadedEditorAssemblies (272ms)
				LogAssemblyErrors (0ms)
				InitializePlatformSupportModulesInManaged (17ms)
				SetLoadedEditorAssemblies (0ms)
				RefreshPlugins (80ms)
				BeforeProcessingInitializeOnLoad (1ms)
				ProcessInitializeOnLoadAttributes (126ms)
				ProcessInitializeOnLoadMethodAttributes (48ms)
				AfterProcessingInitializeOnLoad (0ms)
				EditorAssembliesLoaded (0ms)
			ExecutionOrderSort2 (0ms)
			AwakeInstancesAfterBackupRestoration (0ms)
Platform modules already initialized, skipping
Registering precompiled user dll's ...
Registered in 0.006548 seconds.
Begin MonoManager ReloadAssembly
Symbol file LoadedFromMemory doesn't match image C:\Users\kcloc\UnityProject\RunAway\Library\PackageCache\com.unity.visualscripting@1.7.6\Editor\VisualScripting.Core\Dependencies\YamlDotNet\Unity.VisualScripting.YamlDotNet.dll
Symbol file LoadedFromMemory doesn't match image C:\Users\kcloc\UnityProject\RunAway\Library\PackageCache\com.unity.visualscripting@1.7.6\Editor\VisualScripting.Core\Dependencies\DotNetZip\Unity.VisualScripting.IonicZip.dll
Native extension for WindowsStandalone target not found
Native extension for OSXStandalone target not found
Refreshing native plugins compatible for Editor in 0.55 ms, found 3 plugins.
Preloading 0 native plugins for Editor in 0.00 ms.
Mono: successfully reloaded assembly
- Completed reload, in  1.178 seconds
Domain Reload Profiling:
	ReloadAssembly (1178ms)
		BeginReloadAssembly (170ms)
			ExecutionOrderSort (0ms)
			DisableScriptedObjects (6ms)
			BackupInstance (0ms)
			ReleaseScriptingObjects (0ms)
			CreateAndSetChildDomain (17ms)
		EndReloadAssembly (918ms)
			LoadAssemblies (78ms)
			RebuildTransferFunctionScriptingTraits (0ms)
			SetupTypeCache (202ms)
			ReleaseScriptCaches (1ms)
			RebuildScriptCaches (47ms)
			SetupLoadedEditorAssemblies (500ms)
				LogAssemblyErrors (0ms)
				InitializePlatformSupportModulesInManaged (11ms)
				SetLoadedEditorAssemblies (0ms)
				RefreshPlugins (1ms)
				BeforeProcessingInitializeOnLoad (79ms)
				ProcessInitializeOnLoadAttributes (377ms)
				ProcessInitializeOnLoadMethodAttributes (23ms)
				AfterProcessingInitializeOnLoad (8ms)
				EditorAssembliesLoaded (0ms)
			ExecutionOrderSort2 (0ms)
			AwakeInstancesAfterBackupRestoration (6ms)
Platform modules already initialized, skipping
========================================================================
Worker process is ready to serve import requests
Launched and connected shader compiler UnityShaderCompiler.exe after 0.04 seconds
Refreshing native plugins compatible for Editor in 0.56 ms, found 3 plugins.
Preloading 0 native plugins for Editor in 0.00 ms.
Unloading 3520 Unused Serialized files (Serialized files now loaded: 0)
Unloading 98 unused Assets / (112.8 KB). Loaded Objects now: 3963.
Memory consumption went from 130.4 MB to 130.3 MB.
Total: 3.784600 ms (FindLiveObjects: 0.337000 ms CreateObjectMapping: 0.237100 ms MarkObjects: 3.021300 ms  DeleteObjects: 0.188200 ms)

AssetImportParameters requested are different than current active one (requested -> active):
  custom:video-decoder-ogg-theora: a1e56fd34408186e4bbccfd4996cb3dc -> 
  custom:container-muxer-webm: aa71ff27fc2769a1b78a27578f13a17b -> 
  custom:container-demuxer-webm: 4f35f7cbe854078d1ac9338744f61a02 -> 
  custom:video-encoder-webm-vp8: eb34c28f22e8b96e1ab97ce403110664 -> 
  custom:audio-encoder-webm-vorbis: bf7c407c2cedff20999df2af8eb42d56 -> 
  custom:framework-win-MediaFoundation: 216162199b28c13a410421893ffa2e32 -> 
  custom:container-demuxer-ogg: 62fdf1f143b41e24485cea50d1cbac27 -> 
  custom:video-decoder-webm-vp8: 9c59270c3fd7afecdb556c50c9e8de78 -> 
  custom:audio-decoder-ogg-vorbis: bf7c407c2cedff20999df2af8eb42d56 -> 
========================================================================
Received Import Request.
  Time since last request: 5486.810314 seconds.
  path: Assets/AssetStoreOriginals/_SNAPS_PrototypingAssets/About/Icons/SnapsIcon.png
  artifactKey: Guid(f3b461aa3ce4e164e80610d900c9b22d) Importer(815301076,1909f56bfc062723c751e8b465ee728b)
Start importing Assets/AssetStoreOriginals/_SNAPS_PrototypingAssets/About/Icons/SnapsIcon.png using Guid(f3b461aa3ce4e164e80610d900c9b22d) Importer(815301076,1909f56bfc062723c751e8b465ee728b)  -> (artifact id: 'df11efb5e0bbc645e82dfb8fab497883') in 0.089324 seconds 
========================================================================
Received Import Request.
  Time since last request: 489.620863 seconds.
  path: Assets/AssetStoreOriginals/_SNAPS_PrototypingAssets/SciFi_Industrial/Materials/Black Plastic_snaps002.mat
  artifactKey: Guid(7332bdaf1f2a0394ea703cbaf96db22e) Importer(815301076,1909f56bfc062723c751e8b465ee728b)
Start importing Assets/AssetStoreOriginals/_SNAPS_PrototypingAssets/SciFi_Industrial/Materials/Black Plastic_snaps002.mat using Guid(7332bdaf1f2a0394ea703cbaf96db22e) Importer(815301076,1909f56bfc062723c751e8b465ee728b)  -> (artifact id: '19b9a2a64deef82ed8a5d43562485aa9') in 0.101364 seconds 
========================================================================
Received Import Request.
  Time since last request: 0.000078 seconds.
  path: Assets/AssetStoreOriginals/_SNAPS_PrototypingAssets/SciFi_Industrial/Materials/White_snaps002.mat
  artifactKey: Guid(4a11ac89ec3635a4b896556552983d54) Importer(815301076,1909f56bfc062723c751e8b465ee728b)
Start importing Assets/AssetStoreOriginals/_SNAPS_PrototypingAssets/SciFi_Industrial/Materials/White_snaps002.mat using Guid(4a11ac89ec3635a4b896556552983d54) Importer(815301076,1909f56bfc062723c751e8b465ee728b)  -> (artifact id: 'e5af445a47625f5a3d1ff752a6866e07') in 0.014636 seconds 
========================================================================
Received Import Request.
  Time since last request: 0.000024 seconds.
  path: Assets/AssetStoreOriginals/_SNAPS_PrototypingAssets/SciFi_Industrial/Materials/Blue_snaps002.mat
  artifactKey: Guid(04076a8ba5c805c409251912da22b641) Importer(815301076,1909f56bfc062723c751e8b465ee728b)
Start importing Assets/AssetStoreOriginals/_SNAPS_PrototypingAssets/SciFi_Industrial/Materials/Blue_snaps002.mat using Guid(04076a8ba5c805c409251912da22b641) Importer(815301076,1909f56bfc062723c751e8b465ee728b)  -> (artifact id: '2e276658354c466a3ca462e3bc597c2d') in 0.014110 seconds 
========================================================================
Received Import Request.
  Time since last request: 0.000021 seconds.
  path: Assets/AssetStoreOriginals/_SNAPS_PrototypingAssets/SciFi_Industrial/Materials/Machine Green Dark_snaps002.mat
  artifactKey: Guid(51e077d1f836fd5459499a9de2bf4c0a) Importer(815301076,1909f56bfc062723c751e8b465ee728b)
Start importing Assets/AssetStoreOriginals/_SNAPS_PrototypingAssets/SciFi_Industrial/Materials/Machine Green Dark_snaps002.mat using Guid(51e077d1f836fd5459499a9de2bf4c0a) Importer(815301076,1909f56bfc062723c751e8b465ee728b)  -> (artifact id: '5161fafeb4c46d1a92f07294a346146e') in 0.013775 seconds 
========================================================================
Received Import Request.
  Time since last request: 0.000066 seconds.
  path: Assets/AssetStoreOriginals/_SNAPS_PrototypingAssets/SciFi_Industrial/Materials/Khaki Damp.mat
  artifactKey: Guid(4afc0ffccab963644a4b0b22117f129e) Importer(815301076,1909f56bfc062723c751e8b465ee728b)
Start importing Assets/AssetStoreOriginals/_SNAPS_PrototypingAssets/SciFi_Industrial/Materials/Khaki Damp.mat using Guid(4afc0ffccab963644a4b0b22117f129e) Importer(815301076,1909f56bfc062723c751e8b465ee728b)  -> (artifact id: 'a0bee59bfc60c3710994e4b6f72ba9f5') in 0.013565 seconds 
========================================================================
Received Import Request.
  Time since last request: 0.000019 seconds.
  path: Assets/AssetStoreOriginals/_SNAPS_PrototypingAssets/SciFi_Industrial/Materials/DarkerGray_snaps002.mat
  artifactKey: Guid(3d2110dabe6f73043ba4404830e26f36) Importer(815301076,1909f56bfc062723c751e8b465ee728b)
Start importing Assets/AssetStoreOriginals/_SNAPS_PrototypingAssets/SciFi_Industrial/Materials/DarkerGray_snaps002.mat using Guid(3d2110dabe6f73043ba4404830e26f36) Importer(815301076,1909f56bfc062723c751e8b465ee728b)  -> (artifact id: '0a120f60090aec7f2dbc78b4f7729f23') in 0.010811 seconds 
========================================================================
Received Import Request.
  Time since last request: 0.000017 seconds.
  path: Assets/AssetStoreOriginals/_SNAPS_PrototypingAssets/SciFi_Industrial/Materials/DarkBlue_snaps002.mat
  artifactKey: Guid(c2cf96f9bc9ef0143bfb62bd0e47e566) Importer(815301076,1909f56bfc062723c751e8b465ee728b)
Start importing Assets/AssetStoreOriginals/_SNAPS_PrototypingAssets/SciFi_Industrial/Materials/DarkBlue_snaps002.mat using Guid(c2cf96f9bc9ef0143bfb62bd0e47e566) Importer(815301076,1909f56bfc062723c751e8b465ee728b)  -> (artifact id: 'e2787e4e7facc86b5b52e97425afe009') in 0.015809 seconds 
========================================================================
Received Import Request.
  Time since last request: 0.000040 seconds.
  path: Assets/AssetStoreOriginals/_SNAPS_PrototypingAssets/SciFi_Industrial/Materials/DarkGray_snaps002.mat
  artifactKey: Guid(15cb6b096bb78c7479c93c6e26153387) Importer(815301076,1909f56bfc062723c751e8b465ee728b)
Start importing Assets/AssetStoreOriginals/_SNAPS_PrototypingAssets/SciFi_Industrial/Materials/DarkGray_snaps002.mat using Guid(15cb6b096bb78c7479c93c6e26153387) Importer(815301076,1909f56bfc062723c751e8b465ee728b)  -> (artifact id: 'ceecbb34ba077895979286d74f68e114') in 0.014383 seconds 
========================================================================
Received Import Request.
  Time since last request: 0.000019 seconds.
  path: Assets/AssetStoreOriginals/_SNAPS_PrototypingAssets/SciFi_Industrial/Materials/BrownDark_snaps002.mat
  artifactKey: Guid(019b68caeea34ac4bb7e667c4f32c5df) Importer(815301076,1909f56bfc062723c751e8b465ee728b)
Start importing Assets/AssetStoreOriginals/_SNAPS_PrototypingAssets/SciFi_Industrial/Materials/BrownDark_snaps002.mat using Guid(019b68caeea34ac4bb7e667c4f32c5df) Importer(815301076,1909f56bfc062723c751e8b465ee728b)  -> (artifact id: 'fc67f470c94302e8f61236758c159266') in 0.011189 seconds 
========================================================================
Received Import Request.
  Time since last request: 0.000028 seconds.
  path: Assets/AssetStoreOriginals/_SNAPS_PrototypingAssets/SciFi_Industrial/Materials/Black_snaps002.mat
  artifactKey: Guid(8440f7c46cde87942a79d9125f40ae89) Importer(815301076,1909f56bfc062723c751e8b465ee728b)
Start importing Assets/AssetStoreOriginals/_SNAPS_PrototypingAssets/SciFi_Industrial/Materials/Black_snaps002.mat using Guid(8440f7c46cde87942a79d9125f40ae89) Importer(815301076,1909f56bfc062723c751e8b465ee728b)  -> (artifact id: 'dafc3d67b669db56678b2eb95d85785d') in 0.011183 seconds 
========================================================================
Received Import Request.
  Time since last request: 0.000019 seconds.
  path: Assets/AssetStoreOriginals/_SNAPS_PrototypingAssets/SciFi_Industrial/Materials/Machine Orange Dark_snaps002.mat
  artifactKey: Guid(79bf7ae28ff43cc4ca939f5652f4d38b) Importer(815301076,1909f56bfc062723c751e8b465ee728b)
Start importing Assets/AssetStoreOriginals/_SNAPS_PrototypingAssets/SciFi_Industrial/Materials/Machine Orange Dark_snaps002.mat using Guid(79bf7ae28ff43cc4ca939f5652f4d38b) Importer(815301076,1909f56bfc062723c751e8b465ee728b)  -> (artifact id: '6799fd91b2781f55b93d468fb484f86e') in 0.011001 seconds 
========================================================================
Received Import Request.
  Time since last request: 0.000023 seconds.
  path: Assets/AssetStoreOriginals/_SNAPS_PrototypingAssets/SciFi_Industrial/Materials/Red_snaps002.mat
  artifactKey: Guid(015a5e2de7cf2514eb887cb8b34877d8) Importer(815301076,1909f56bfc062723c751e8b465ee728b)
Start importing Assets/AssetStoreOriginals/_SNAPS_PrototypingAssets/SciFi_Industrial/Materials/Red_snaps002.mat using Guid(015a5e2de7cf2514eb887cb8b34877d8) Importer(815301076,1909f56bfc062723c751e8b465ee728b)  -> (artifact id: 'adea23c4b2ba6fd5da2430dae02173eb') in 0.011830 seconds 
========================================================================
Received Import Request.
  Time since last request: 0.000032 seconds.
  path: Assets/AssetStoreOriginals/_SNAPS_PrototypingAssets/SciFi_Industrial/Materials/GreenBlack_snaps002.mat
  artifactKey: Guid(38f55b85103d762478d8298d58d90704) Importer(815301076,1909f56bfc062723c751e8b465ee728b)
Start importing Assets/AssetStoreOriginals/_SNAPS_PrototypingAssets/SciFi_Industrial/Materials/GreenBlack_snaps002.mat using Guid(38f55b85103d762478d8298d58d90704) Importer(815301076,1909f56bfc062723c751e8b465ee728b)  -> (artifact id: '31116185a63c9f467c269fbf0f545555') in 0.015100 seconds 
========================================================================
Received Import Request.
  Time since last request: 0.000022 seconds.
  path: Assets/AssetStoreOriginals/_SNAPS_PrototypingAssets/SciFi_Industrial/Materials/LightGray_snaps002.mat
  artifactKey: Guid(ae2efeea9c901af48b6bb19d9981d5d2) Importer(815301076,1909f56bfc062723c751e8b465ee728b)
Start importing Assets/AssetStoreOriginals/_SNAPS_PrototypingAssets/SciFi_Industrial/Materials/LightGray_snaps002.mat using Guid(ae2efeea9c901af48b6bb19d9981d5d2) Importer(815301076,1909f56bfc062723c751e8b465ee728b)  -> (artifact id: 'ba13d15767c064e22a838b8295540a7f') in 0.012772 seconds 
========================================================================
Received Import Request.
  Time since last request: 0.000075 seconds.
  path: Assets/AssetStoreOriginals/_SNAPS_PrototypingAssets/SciFi_Industrial/Materials/Yellow_snaps002.mat
  artifactKey: Guid(2e89229997eb0fd4fb0ceb1c61a61593) Importer(815301076,1909f56bfc062723c751e8b465ee728b)
Start importing Assets/AssetStoreOriginals/_SNAPS_PrototypingAssets/SciFi_Industrial/Materials/Yellow_snaps002.mat using Guid(2e89229997eb0fd4fb0ceb1c61a61593) Importer(815301076,1909f56bfc062723c751e8b465ee728b)  -> (artifact id: 'dc0b4356e04445147b8efa32c1da86f3') in 0.011894 seconds 
========================================================================
Received Import Request.
  Time since last request: 0.000020 seconds.
  path: Assets/AssetStoreOriginals/_SNAPS_PrototypingAssets/SciFi_Industrial/Materials/GreenDark_snaps002.mat
  artifactKey: Guid(6f5b522968a198d40a19799562c3eae2) Importer(815301076,1909f56bfc062723c751e8b465ee728b)
Start importing Assets/AssetStoreOriginals/_SNAPS_PrototypingAssets/SciFi_Industrial/Materials/GreenDark_snaps002.mat using Guid(6f5b522968a198d40a19799562c3eae2) Importer(815301076,1909f56bfc062723c751e8b465ee728b)  -> (artifact id: '9d29d2d5b6b99a7a20ac6b4bf443e8bc') in 0.015381 seconds 
========================================================================
Received Import Request.
  Time since last request: 0.000025 seconds.
  path: Assets/AssetStoreOriginals/_SNAPS_PrototypingAssets/SciFi_Industrial/Materials/MachineOrange_snaps002.mat
  artifactKey: Guid(80507923a3333a6498095c8c364d7983) Importer(815301076,1909f56bfc062723c751e8b465ee728b)
Start importing Assets/AssetStoreOriginals/_SNAPS_PrototypingAssets/SciFi_Industrial/Materials/MachineOrange_snaps002.mat using Guid(80507923a3333a6498095c8c364d7983) Importer(815301076,1909f56bfc062723c751e8b465ee728b)  -> (artifact id: '114421dbb8f7a4f502ec89be87d913c6') in 0.014743 seconds 
========================================================================
Received Import Request.
  Time since last request: 6.046705 seconds.
  path: Assets/AssetStoreOriginals/_SNAPS_PrototypingAssets/SciFi_Industrial/Prefabs/Props/Barrel_03_snaps002.prefab
  artifactKey: Guid(90a18773e670f054680d2f39c76a5471) Importer(815301076,1909f56bfc062723c751e8b465ee728b)
Start importing Assets/AssetStoreOriginals/_SNAPS_PrototypingAssets/SciFi_Industrial/Prefabs/Props/Barrel_03_snaps002.prefab using Guid(90a18773e670f054680d2f39c76a5471) Importer(815301076,1909f56bfc062723c751e8b465ee728b)  -> (artifact id: '73609adcff1eab793a6cac5232efdb41') in 0.033943 seconds 
========================================================================
Received Import Request.
  Time since last request: 0.000017 seconds.
  path: Assets/AssetStoreOriginals/_SNAPS_PrototypingAssets/SciFi_Industrial/Prefabs/Props/Crate_02_snaps002.prefab
  artifactKey: Guid(37f16a7beb3cae449a4885b50959b6ae) Importer(815301076,1909f56bfc062723c751e8b465ee728b)
Start importing Assets/AssetStoreOriginals/_SNAPS_PrototypingAssets/SciFi_Industrial/Prefabs/Props/Crate_02_snaps002.prefab using Guid(37f16a7beb3cae449a4885b50959b6ae) Importer(815301076,1909f56bfc062723c751e8b465ee728b)  -> (artifact id: '8002f24dc64d12b435c223c3c2e29034') in 0.021805 seconds 
========================================================================
Received Import Request.
  Time since last request: 0.000019 seconds.
  path: Assets/AssetStoreOriginals/_SNAPS_PrototypingAssets/SciFi_Industrial/Prefabs/Props/GuardRail_02_End_snaps002.prefab
  artifactKey: Guid(8ec4bc96866a5bb4f90106a29dfd3d01) Importer(815301076,1909f56bfc062723c751e8b465ee728b)
Start importing Assets/AssetStoreOriginals/_SNAPS_PrototypingAssets/SciFi_Industrial/Prefabs/Props/GuardRail_02_End_snaps002.prefab using Guid(8ec4bc96866a5bb4f90106a29dfd3d01) Importer(815301076,1909f56bfc062723c751e8b465ee728b)  -> (artifact id: '971eb97b376a7f77dc1a4052ea9ab4df') in 0.019138 seconds 
========================================================================
Received Import Request.
  Time since last request: 0.000019 seconds.
  path: Assets/AssetStoreOriginals/_SNAPS_PrototypingAssets/SciFi_Industrial/Prefabs/Props/Storage_02_snaps002.prefab
  artifactKey: Guid(6fb3c3ccbbfe80a40a52c06a792263c7) Importer(815301076,1909f56bfc062723c751e8b465ee728b)
Start importing Assets/AssetStoreOriginals/_SNAPS_PrototypingAssets/SciFi_Industrial/Prefabs/Props/Storage_02_snaps002.prefab using Guid(6fb3c3ccbbfe80a40a52c06a792263c7) Importer(815301076,1909f56bfc062723c751e8b465ee728b)  -> (artifact id: 'aa092ab6ebee14f8c671bf103eb3fa8b') in 0.017513 seconds 
========================================================================
Received Import Request.
  Time since last request: 0.000024 seconds.
  path: Assets/AssetStoreOriginals/_SNAPS_PrototypingAssets/SciFi_Industrial/Prefabs/Props/Generator_01_snaps002.prefab
  artifactKey: Guid(ee291aa36cc91a34bb83babb65b717db) Importer(815301076,1909f56bfc062723c751e8b465ee728b)
Start importing Assets/AssetStoreOriginals/_SNAPS_PrototypingAssets/SciFi_Industrial/Prefabs/Props/Generator_01_snaps002.prefab using Guid(ee291aa36cc91a34bb83babb65b717db) Importer(815301076,1909f56bfc062723c751e8b465ee728b)  -> (artifact id: 'e6842665f1058c3268410dda9917562a') in 0.024076 seconds 
========================================================================
Received Import Request.
  Time since last request: 0.000024 seconds.
  path: Assets/AssetStoreOriginals/_SNAPS_PrototypingAssets/SciFi_Industrial/Prefabs/Props/Gen_Part_03_snaps002.prefab
  artifactKey: Guid(f70873036059b2d40bf09f145ff0d614) Importer(815301076,1909f56bfc062723c751e8b465ee728b)
Start importing Assets/AssetStoreOriginals/_SNAPS_PrototypingAssets/SciFi_Industrial/Prefabs/Props/Gen_Part_03_snaps002.prefab using Guid(f70873036059b2d40bf09f145ff0d614) Importer(815301076,1909f56bfc062723c751e8b465ee728b)  -> (artifact id: '906c901d7d042f4c66262bf4c0a0b3d4') in 0.016944 seconds 
========================================================================
Received Import Request.
  Time since last request: 0.000028 seconds.
  path: Assets/AssetStoreOriginals/_SNAPS_PrototypingAssets/SciFi_Industrial/Prefabs/Props/Pipe_M_Corner_01_snaps002.prefab
  artifactKey: Guid(72de0beeba2e6bf4a9c3893b470689ae) Importer(815301076,1909f56bfc062723c751e8b465ee728b)
Start importing Assets/AssetStoreOriginals/_SNAPS_PrototypingAssets/SciFi_Industrial/Prefabs/Props/Pipe_M_Corner_01_snaps002.prefab using Guid(72de0beeba2e6bf4a9c3893b470689ae) Importer(815301076,1909f56bfc062723c751e8b465ee728b)  -> (artifact id: '747673460f441939f1c841be20b4aebb') in 0.013434 seconds 
========================================================================
Received Import Request.
  Time since last request: 0.000018 seconds.
  path: Assets/AssetStoreOriginals/_SNAPS_PrototypingAssets/SciFi_Industrial/Prefabs/Props/Pipe_S_Corner_snaps002.prefab
  artifactKey: Guid(cd883448e719018428c96f034ddbf3ad) Importer(815301076,1909f56bfc062723c751e8b465ee728b)
Start importing Assets/AssetStoreOriginals/_SNAPS_PrototypingAssets/SciFi_Industrial/Prefabs/Props/Pipe_S_Corner_snaps002.prefab using Guid(cd883448e719018428c96f034ddbf3ad) Importer(815301076,1909f56bfc062723c751e8b465ee728b)  -> (artifact id: 'ad1d887b6e34dbc08c15980fff663d6d') in 0.029030 seconds 
========================================================================
Received Import Request.
  Time since last request: 0.000028 seconds.
  path: Assets/AssetStoreOriginals/_SNAPS_PrototypingAssets/SciFi_Industrial/Prefabs/Props/Gen_Part_05_snaps002.prefab
  artifactKey: Guid(8c9883632092308408c6567bd8f85787) Importer(815301076,1909f56bfc062723c751e8b465ee728b)
Start importing Assets/AssetStoreOriginals/_SNAPS_PrototypingAssets/SciFi_Industrial/Prefabs/Props/Gen_Part_05_snaps002.prefab using Guid(8c9883632092308408c6567bd8f85787) Importer(815301076,1909f56bfc062723c751e8b465ee728b)  -> (artifact id: 'af7cfbd20556d5c8f9e1383f2b272885') in 0.016144 seconds 
========================================================================
Received Import Request.
  Time since last request: 0.000020 seconds.
  path: Assets/AssetStoreOriginals/_SNAPS_PrototypingAssets/SciFi_Industrial/Prefabs/Props/Gen_Part_02_snaps002.prefab
  artifactKey: Guid(301707a524aa54d49941d5498618beae) Importer(815301076,1909f56bfc062723c751e8b465ee728b)
Start importing Assets/AssetStoreOriginals/_SNAPS_PrototypingAssets/SciFi_Industrial/Prefabs/Props/Gen_Part_02_snaps002.prefab using Guid(301707a524aa54d49941d5498618beae) Importer(815301076,1909f56bfc062723c751e8b465ee728b)  -> (artifact id: '564c70693296dec38f02383b38ab5e1a') in 0.013734 seconds 
========================================================================
Received Import Request.
  Time since last request: 0.000030 seconds.
  path: Assets/AssetStoreOriginals/_SNAPS_PrototypingAssets/SciFi_Industrial/Prefabs/Props/PowerCore_02_snaps002.prefab
  artifactKey: Guid(4a68610f59a4280429c8b2d0813fc135) Importer(815301076,1909f56bfc062723c751e8b465ee728b)
Start importing Assets/AssetStoreOriginals/_SNAPS_PrototypingAssets/SciFi_Industrial/Prefabs/Props/PowerCore_02_snaps002.prefab using Guid(4a68610f59a4280429c8b2d0813fc135) Importer(815301076,1909f56bfc062723c751e8b465ee728b)  -> (artifact id: '486bb9da810ad0661404683429f75284') in 0.015918 seconds 
========================================================================
Received Import Request.
  Time since last request: 0.000018 seconds.
  path: Assets/AssetStoreOriginals/_SNAPS_PrototypingAssets/SciFi_Industrial/Prefabs/Props/D-Shell_01_snaps002.prefab
  artifactKey: Guid(fff87e2ecf46f4d46acab03bafd313ab) Importer(815301076,1909f56bfc062723c751e8b465ee728b)
Start importing Assets/AssetStoreOriginals/_SNAPS_PrototypingAssets/SciFi_Industrial/Prefabs/Props/D-Shell_01_snaps002.prefab using Guid(fff87e2ecf46f4d46acab03bafd313ab) Importer(815301076,1909f56bfc062723c751e8b465ee728b)  -> (artifact id: 'e9588a6fe175899b16704bcc60a8a96d') in 0.019296 seconds 
Editor requested this worker to shutdown with reason: Scaling down because of idle timeout
AssetImportWorker is now disconnected from the server
Process exiting
Exiting without the bug reporter. Application will terminate with return code 0