Using pre-set license
Built from '2021.2/staging' branch; Version is '2021.2.2f1 (5e2b1e92c7f8) revision 6171422'; Using compiler version '192829333'; Build Type 'Release'
OS: 'Windows 10 Pro; OS build 22000.376; Version 2009; 64bit' Language: 'ja' Physical Memory: 32553 MB
BatchMode: 1, IsHumanControllingUs: 0, StartBugReporterOnCrash: 0, Is64bit: 1, IsPro: 0

COMMAND LINE ARGUMENTS:
C:\Program Files\2021.2.2f1\Editor\Unity.exe
-adb2
-batchMode
-noUpm
-name
AssetImportWorker0
-projectPath
C:/Users/kcloc/UnityProject/RunAway
-logFile
Logs/AssetImportWorker0.log
-srvPort
60786
Successfully changed project path to: C:/Users/kcloc/UnityProject/RunAway
C:/Users/kcloc/UnityProject/RunAway
[UnityMemory] Configuration Parameters - Can be set up in boot.config
    "memorysetup-bucket-allocator-granularity=16"
    "memorysetup-bucket-allocator-bucket-count=8"
    "memorysetup-bucket-allocator-block-size=33554432"
    "memorysetup-bucket-allocator-block-count=8"
    "memorysetup-main-allocator-block-size=16777216"
    "memorysetup-thread-allocator-block-size=16777216"
    "memorysetup-gfx-main-allocator-block-size=16777216"
    "memorysetup-gfx-thread-allocator-block-size=16777216"
    "memorysetup-cache-allocator-block-size=4194304"
    "memorysetup-typetree-allocator-block-size=2097152"
    "memorysetup-profiler-bucket-allocator-granularity=16"
    "memorysetup-profiler-bucket-allocator-bucket-count=8"
    "memorysetup-profiler-bucket-allocator-block-size=33554432"
    "memorysetup-profiler-bucket-allocator-block-count=8"
    "memorysetup-profiler-allocator-block-size=16777216"
    "memorysetup-profiler-editor-allocator-block-size=1048576"
    "memorysetup-temp-allocator-size-main=16777216"
    "memorysetup-job-temp-allocator-block-size=2097152"
    "memorysetup-job-temp-allocator-block-size-background=1048576"
    "memorysetup-job-temp-allocator-reduction-small-platforms=262144"
    "memorysetup-temp-allocator-size-background-worker=32768"
    "memorysetup-temp-allocator-size-job-worker=262144"
    "memorysetup-temp-allocator-size-preload-manager=33554432"
    "memorysetup-temp-allocator-size-nav-mesh-worker=65536"
    "memorysetup-temp-allocator-size-audio-worker=65536"
    "memorysetup-temp-allocator-size-cloud-worker=32768"
    "memorysetup-temp-allocator-size-gi-baking-worker=262144"
    "memorysetup-temp-allocator-size-gfx=262144"
Refreshing native plugins compatible for Editor in 87.56 ms, found 3 plugins.
Preloading 0 native plugins for Editor in 0.00 ms.
Initialize engine version: 2021.2.2f1 (5e2b1e92c7f8)
[Subsystems] Discovering subsystems at path C:/Program Files/2021.2.2f1/Editor/Data/Resources/UnitySubsystems
[Subsystems] Discovering subsystems at path C:/Users/kcloc/UnityProject/RunAway/Assets
GfxDevice: creating device client; threaded=0; jobified=0
Direct3D:
    Version:  Direct3D 11.0 [level 11.1]
    Renderer: NVIDIA GeForce RTX 3070 Laptop GPU (ID=0x249d)
    Vendor:   NVIDIA
    VRAM:     8044 MB
    Driver:   30.0.14.9729
Initialize mono
Mono path[0] = 'C:/Program Files/2021.2.2f1/Editor/Data/Managed'
Mono path[1] = 'C:/Program Files/2021.2.2f1/Editor/Data/MonoBleedingEdge/lib/mono/unityjit-win32'
Mono config path = 'C:/Program Files/2021.2.2f1/Editor/Data/MonoBleedingEdge/etc'
Using monoOptions --debugger-agent=transport=dt_socket,embedding=1,server=y,suspend=n,address=127.0.0.1:56804
Begin MonoManager ReloadAssembly
Registering precompiled unity dll's ...
Register platform support module: C:/Program Files/2021.2.2f1/Editor/Data/PlaybackEngines/MacStandaloneSupport/UnityEditor.OSXStandalone.Extensions.dll
Register platform support module: C:/Program Files/2021.2.2f1/Editor/Data/PlaybackEngines/WindowsStandaloneSupport/UnityEditor.WindowsStandalone.Extensions.dll
Registered in 0.005011 seconds.
Native extension for WindowsStandalone target not found
Native extension for OSXStandalone target not found
Refreshing native plugins compatible for Editor in 81.23 ms, found 3 plugins.
Preloading 0 native plugins for Editor in 0.00 ms.
Mono: successfully reloaded assembly
- Completed reload, in  0.593 seconds
Domain Reload Profiling:
	ReloadAssembly (594ms)
		BeginReloadAssembly (71ms)
			ExecutionOrderSort (0ms)
			DisableScriptedObjects (0ms)
			BackupInstance (0ms)
			ReleaseScriptingObjects (0ms)
			CreateAndSetChildDomain (1ms)
		EndReloadAssembly (444ms)
			LoadAssemblies (69ms)
			RebuildTransferFunctionScriptingTraits (0ms)
			SetupTypeCache (99ms)
			ReleaseScriptCaches (0ms)
			RebuildScriptCaches (27ms)
			SetupLoadedEditorAssemblies (267ms)
				LogAssemblyErrors (0ms)
				InitializePlatformSupportModulesInManaged (16ms)
				SetLoadedEditorAssemblies (0ms)
				RefreshPlugins (81ms)
				BeforeProcessingInitializeOnLoad (1ms)
				ProcessInitializeOnLoadAttributes (123ms)
				ProcessInitializeOnLoadMethodAttributes (46ms)
				AfterProcessingInitializeOnLoad (0ms)
				EditorAssembliesLoaded (0ms)
			ExecutionOrderSort2 (0ms)
			AwakeInstancesAfterBackupRestoration (0ms)
Platform modules already initialized, skipping
Registering precompiled user dll's ...
Registered in 0.014151 seconds.
Begin MonoManager ReloadAssembly
Symbol file LoadedFromMemory doesn't match image C:\Users\kcloc\UnityProject\RunAway\Library\PackageCache\com.unity.visualscripting@1.7.6\Editor\VisualScripting.Core\Dependencies\YamlDotNet\Unity.VisualScripting.YamlDotNet.dll
Symbol file LoadedFromMemory doesn't match image C:\Users\kcloc\UnityProject\RunAway\Library\PackageCache\com.unity.visualscripting@1.7.6\Editor\VisualScripting.Core\Dependencies\DotNetZip\Unity.VisualScripting.IonicZip.dll
Native extension for WindowsStandalone target not found
Native extension for OSXStandalone target not found
Refreshing native plugins compatible for Editor in 0.81 ms, found 3 plugins.
Preloading 0 native plugins for Editor in 0.00 ms.
Mono: successfully reloaded assembly
- Completed reload, in  1.122 seconds
Domain Reload Profiling:
	ReloadAssembly (1123ms)
		BeginReloadAssembly (163ms)
			ExecutionOrderSort (0ms)
			DisableScriptedObjects (5ms)
			BackupInstance (0ms)
			ReleaseScriptingObjects (0ms)
			CreateAndSetChildDomain (17ms)
		EndReloadAssembly (866ms)
			LoadAssemblies (75ms)
			RebuildTransferFunctionScriptingTraits (0ms)
			SetupTypeCache (199ms)
			ReleaseScriptCaches (1ms)
			RebuildScriptCaches (49ms)
			SetupLoadedEditorAssemblies (455ms)
				LogAssemblyErrors (0ms)
				InitializePlatformSupportModulesInManaged (12ms)
				SetLoadedEditorAssemblies (1ms)
				RefreshPlugins (1ms)
				BeforeProcessingInitializeOnLoad (80ms)
				ProcessInitializeOnLoadAttributes (334ms)
				ProcessInitializeOnLoadMethodAttributes (20ms)
				AfterProcessingInitializeOnLoad (7ms)
				EditorAssembliesLoaded (0ms)
			ExecutionOrderSort2 (0ms)
			AwakeInstancesAfterBackupRestoration (5ms)
Platform modules already initialized, skipping
========================================================================
Worker process is ready to serve import requests
Launched and connected shader compiler UnityShaderCompiler.exe after 0.04 seconds
Refreshing native plugins compatible for Editor in 0.56 ms, found 3 plugins.
Preloading 0 native plugins for Editor in 0.00 ms.
Unloading 3520 Unused Serialized files (Serialized files now loaded: 0)
Unloading 98 unused Assets / (112.8 KB). Loaded Objects now: 3963.
Memory consumption went from 130.4 MB to 130.3 MB.
Total: 3.504000 ms (FindLiveObjects: 0.270100 ms CreateObjectMapping: 0.216300 ms MarkObjects: 2.819100 ms  DeleteObjects: 0.197600 ms)

AssetImportParameters requested are different than current active one (requested -> active):
  custom:video-decoder-ogg-theora: a1e56fd34408186e4bbccfd4996cb3dc -> 
  custom:container-muxer-webm: aa71ff27fc2769a1b78a27578f13a17b -> 
  custom:container-demuxer-webm: 4f35f7cbe854078d1ac9338744f61a02 -> 
  custom:video-encoder-webm-vp8: eb34c28f22e8b96e1ab97ce403110664 -> 
  custom:audio-encoder-webm-vorbis: bf7c407c2cedff20999df2af8eb42d56 -> 
  custom:framework-win-MediaFoundation: 216162199b28c13a410421893ffa2e32 -> 
  custom:container-demuxer-ogg: 62fdf1f143b41e24485cea50d1cbac27 -> 
  custom:video-decoder-webm-vp8: 9c59270c3fd7afecdb556c50c9e8de78 -> 
  custom:audio-decoder-ogg-vorbis: bf7c407c2cedff20999df2af8eb42d56 -> 
========================================================================
Received Import Request.
  Time since last request: 667.110385 seconds.
  path: Assets/AssetStoreOriginals/_SNAPS_PrototypingAssets/About/Readme.asset
  artifactKey: Guid(83c2ed844a8c74b779a4c823d16594b1) Importer(815301076,1909f56bfc062723c751e8b465ee728b)
Start importing Assets/AssetStoreOriginals/_SNAPS_PrototypingAssets/About/Readme.asset using Guid(83c2ed844a8c74b779a4c823d16594b1) Importer(815301076,1909f56bfc062723c751e8b465ee728b)  -> (artifact id: '9aa4891ed49852627caf735dcf7a8959') in 0.036323 seconds 
========================================================================
Received Import Request.
  Time since last request: 393.178837 seconds.
  path: Assets/GameScene.unity
  artifactKey: Guid(622f44c87f2d4ac4b974545e49ae4558) Importer(815301076,1909f56bfc062723c751e8b465ee728b)
Start importing Assets/GameScene.unity using Guid(622f44c87f2d4ac4b974545e49ae4558) Importer(815301076,1909f56bfc062723c751e8b465ee728b)  -> (artifact id: 'fdd4817277bfb5e05dfa981c2efd88a7') in 0.002490 seconds 
========================================================================
Received Import Request.
  Time since last request: 4424.811661 seconds.
  path: Assets/AssetStoreOriginals/_SNAPS_PrototypingAssets/About
  artifactKey: Guid(844809bda0ef59246a44bb3ec8a99a01) Importer(815301076,1909f56bfc062723c751e8b465ee728b)
Start importing Assets/AssetStoreOriginals/_SNAPS_PrototypingAssets/About using Guid(844809bda0ef59246a44bb3ec8a99a01) Importer(815301076,1909f56bfc062723c751e8b465ee728b)  -> (artifact id: 'e111e4a16dd75710c2d0b2c48d2180b3') in 0.003071 seconds 
========================================================================
Received Import Request.
  Time since last request: 1.557888 seconds.
  path: Assets/AssetStoreOriginals/_SNAPS_PrototypingAssets/About/Icons
  artifactKey: Guid(d46c14ed326ae7344ab4f235f4eb0bf0) Importer(815301076,1909f56bfc062723c751e8b465ee728b)
Start importing Assets/AssetStoreOriginals/_SNAPS_PrototypingAssets/About/Icons using Guid(d46c14ed326ae7344ab4f235f4eb0bf0) Importer(815301076,1909f56bfc062723c751e8b465ee728b)  -> (artifact id: '8c858ba7a4eafffaa03fe00d941f06b0') in 0.002220 seconds 
========================================================================
Received Import Request.
  Time since last request: 0.080394 seconds.
  path: Assets/AssetStoreOriginals/_SNAPS_PrototypingAssets/About/Icons/Help_Icon.png
  artifactKey: Guid(a186f8a87ca4f4d3aa864638ad5dfb65) Importer(815301076,1909f56bfc062723c751e8b465ee728b)
Start importing Assets/AssetStoreOriginals/_SNAPS_PrototypingAssets/About/Icons/Help_Icon.png using Guid(a186f8a87ca4f4d3aa864638ad5dfb65) Importer(815301076,1909f56bfc062723c751e8b465ee728b)  -> (artifact id: 'a8e645ab8e3a6843c81520313af6aecb') in 0.082273 seconds 
========================================================================
Received Import Request.
  Time since last request: 12.312040 seconds.
  path: Assets/AssetStoreOriginals/_SNAPS_PrototypingAssets/SciFi_Industrial/SampleScenes/SciFi_Industrial_Decor_PrefabLayout.unity
  artifactKey: Guid(4d6db1fd5d744ff4dab943c3379e98e0) Importer(815301076,1909f56bfc062723c751e8b465ee728b)
Start importing Assets/AssetStoreOriginals/_SNAPS_PrototypingAssets/SciFi_Industrial/SampleScenes/SciFi_Industrial_Decor_PrefabLayout.unity using Guid(4d6db1fd5d744ff4dab943c3379e98e0) Importer(815301076,1909f56bfc062723c751e8b465ee728b)  -> (artifact id: 'e4ff9f8b5afac976f54b23c9982ba6b6') in 0.002741 seconds 
========================================================================
Received Import Request.
  Time since last request: 2.888989 seconds.
  path: Assets/AssetStoreOriginals/_SNAPS_PrototypingAssets/SciFi_Industrial/SampleScenes/SciFi_Industrial_Props_PrefabLayout.unity
  artifactKey: Guid(9180836ea050808469d29101e57bbc46) Importer(815301076,1909f56bfc062723c751e8b465ee728b)
Start importing Assets/AssetStoreOriginals/_SNAPS_PrototypingAssets/SciFi_Industrial/SampleScenes/SciFi_Industrial_Props_PrefabLayout.unity using Guid(9180836ea050808469d29101e57bbc46) Importer(815301076,1909f56bfc062723c751e8b465ee728b)  -> (artifact id: '81be12326042f18198a7eed1ffb51744') in 0.003328 seconds 
========================================================================
Received Import Request.
  Time since last request: 0.910439 seconds.
  path: Assets/AssetStoreOriginals/_SNAPS_PrototypingAssets/SciFi_Industrial/SampleScenes/SciFi_Industrial_SampleLayout.unity
  artifactKey: Guid(b2fa8882363c4644b93046de18bcbf19) Importer(815301076,1909f56bfc062723c751e8b465ee728b)
Start importing Assets/AssetStoreOriginals/_SNAPS_PrototypingAssets/SciFi_Industrial/SampleScenes/SciFi_Industrial_SampleLayout.unity using Guid(b2fa8882363c4644b93046de18bcbf19) Importer(815301076,1909f56bfc062723c751e8b465ee728b)  -> (artifact id: '90c2d4ea44adb3a4f49823222b528954') in 0.002609 seconds 
========================================================================
Received Import Request.
  Time since last request: 316.743898 seconds.
  path: Assets/SNAPS_Level.prefab
  artifactKey: Guid(d5750f83e7cacca48a6ad00277a7a926) Importer(815301076,1909f56bfc062723c751e8b465ee728b)
Start importing Assets/SNAPS_Level.prefab using Guid(d5750f83e7cacca48a6ad00277a7a926) Importer(815301076,1909f56bfc062723c751e8b465ee728b)  -> (artifact id: 'd951df77d44b8606f03a5375ccd779bb') in 0.243696 seconds 
========================================================================
Received Import Request.
  Time since last request: 3.736540 seconds.
  path: Assets/SceneLights.prefab
  artifactKey: Guid(d185475944f59a544b3decf9740847ad) Importer(815301076,1909f56bfc062723c751e8b465ee728b)
Start importing Assets/SceneLights.prefab using Guid(d185475944f59a544b3decf9740847ad) Importer(815301076,1909f56bfc062723c751e8b465ee728b)  -> (artifact id: '87176c92da03d5061454d9f4da7d9cfc') in 0.010021 seconds 
========================================================================
Received Import Request.
  Time since last request: 93.367271 seconds.
  path: Assets/GameScene.unity
  artifactKey: Guid(622f44c87f2d4ac4b974545e49ae4558) Importer(815301076,1909f56bfc062723c751e8b465ee728b)
Start importing Assets/GameScene.unity using Guid(622f44c87f2d4ac4b974545e49ae4558) Importer(815301076,1909f56bfc062723c751e8b465ee728b)  -> (artifact id: '608e627bb47f6a6ea63148252db84882') in 0.002504 seconds 
========================================================================
Received Import Request.
  Time since last request: 59.287118 seconds.
  path: Assets/AssetStoreOriginals/_SNAPS_PrototypingAssets/SciFi_Industrial/Materials
  artifactKey: Guid(15da29fe25042944d9ae6afdee0aea96) Importer(815301076,1909f56bfc062723c751e8b465ee728b)
Start importing Assets/AssetStoreOriginals/_SNAPS_PrototypingAssets/SciFi_Industrial/Materials using Guid(15da29fe25042944d9ae6afdee0aea96) Importer(815301076,1909f56bfc062723c751e8b465ee728b)  -> (artifact id: '2c6d71400058dd65d25692c0dd7182df') in 0.002886 seconds 
========================================================================
Received Import Request.
  Time since last request: 0.061411 seconds.
  path: Assets/AssetStoreOriginals/_SNAPS_PrototypingAssets/SciFi_Industrial/Materials/Black Metal_snaps002.mat
  artifactKey: Guid(528bab4d959abd8438a427ca2334205f) Importer(815301076,1909f56bfc062723c751e8b465ee728b)
Start importing Assets/AssetStoreOriginals/_SNAPS_PrototypingAssets/SciFi_Industrial/Materials/Black Metal_snaps002.mat using Guid(528bab4d959abd8438a427ca2334205f) Importer(815301076,1909f56bfc062723c751e8b465ee728b)  -> (artifact id: 'f09fc40212319cd30874785ef4e16d46') in 0.031183 seconds 
========================================================================
Received Import Request.
  Time since last request: 0.008601 seconds.
  path: Assets/AssetStoreOriginals/_SNAPS_PrototypingAssets/SciFi_Industrial/Materials/Brown_snaps002.mat
  artifactKey: Guid(2c0bb951fb8a2e44a9fb35bc4af3d739) Importer(815301076,1909f56bfc062723c751e8b465ee728b)
Start importing Assets/AssetStoreOriginals/_SNAPS_PrototypingAssets/SciFi_Industrial/Materials/Brown_snaps002.mat using Guid(2c0bb951fb8a2e44a9fb35bc4af3d739) Importer(815301076,1909f56bfc062723c751e8b465ee728b)  -> (artifact id: '6dec5dbee8e003b9713baa1ceb57d8f9') in 0.015718 seconds 
========================================================================
Received Import Request.
  Time since last request: 0.000016 seconds.
  path: Assets/AssetStoreOriginals/_SNAPS_PrototypingAssets/SciFi_Industrial/Materials/DeepBlue_snaps002.mat
  artifactKey: Guid(0311cbb0184a51845912c30ec478cb8e) Importer(815301076,1909f56bfc062723c751e8b465ee728b)
Start importing Assets/AssetStoreOriginals/_SNAPS_PrototypingAssets/SciFi_Industrial/Materials/DeepBlue_snaps002.mat using Guid(0311cbb0184a51845912c30ec478cb8e) Importer(815301076,1909f56bfc062723c751e8b465ee728b)  -> (artifact id: '60dfda94a3d61b728babbabb7647a015') in 0.012349 seconds 
========================================================================
Received Import Request.
  Time since last request: 0.000055 seconds.
  path: Assets/AssetStoreOriginals/_SNAPS_PrototypingAssets/SciFi_Industrial/Materials/Khaki Darker.mat
  artifactKey: Guid(ca63e1d0575d9eb4ab8e24dac32b51d9) Importer(815301076,1909f56bfc062723c751e8b465ee728b)
Start importing Assets/AssetStoreOriginals/_SNAPS_PrototypingAssets/SciFi_Industrial/Materials/Khaki Darker.mat using Guid(ca63e1d0575d9eb4ab8e24dac32b51d9) Importer(815301076,1909f56bfc062723c751e8b465ee728b)  -> (artifact id: '9be5bd5eb0f55d8962dc5b6407f78e9b') in 0.011435 seconds 
========================================================================
Received Import Request.
  Time since last request: 0.000033 seconds.
  path: Assets/AssetStoreOriginals/_SNAPS_PrototypingAssets/SciFi_Industrial/Materials/Orange_snaps002.mat
  artifactKey: Guid(1d2cbf17d90a3884f8f0c10cd230f809) Importer(815301076,1909f56bfc062723c751e8b465ee728b)
Start importing Assets/AssetStoreOriginals/_SNAPS_PrototypingAssets/SciFi_Industrial/Materials/Orange_snaps002.mat using Guid(1d2cbf17d90a3884f8f0c10cd230f809) Importer(815301076,1909f56bfc062723c751e8b465ee728b)  -> (artifact id: '37b5346a5f6018b5f7619a00b28e74ff') in 0.017528 seconds 
========================================================================
Received Import Request.
  Time since last request: 0.000030 seconds.
  path: Assets/AssetStoreOriginals/_SNAPS_PrototypingAssets/SciFi_Industrial/Materials/DarkCyan_snaps002.mat
  artifactKey: Guid(9b6f00edc7822ab47b645603f7b615b6) Importer(815301076,1909f56bfc062723c751e8b465ee728b)
Start importing Assets/AssetStoreOriginals/_SNAPS_PrototypingAssets/SciFi_Industrial/Materials/DarkCyan_snaps002.mat using Guid(9b6f00edc7822ab47b645603f7b615b6) Importer(815301076,1909f56bfc062723c751e8b465ee728b)  -> (artifact id: '428fc7a5d7b90d8b183dd4f58aa64182') in 0.013928 seconds 
========================================================================
Received Import Request.
  Time since last request: 0.000020 seconds.
  path: Assets/AssetStoreOriginals/_SNAPS_PrototypingAssets/SciFi_Industrial/Materials/Machine Blue Light_snaps002.mat
  artifactKey: Guid(c91ea5393f73a814888ae7c250232e43) Importer(815301076,1909f56bfc062723c751e8b465ee728b)
Start importing Assets/AssetStoreOriginals/_SNAPS_PrototypingAssets/SciFi_Industrial/Materials/Machine Blue Light_snaps002.mat using Guid(c91ea5393f73a814888ae7c250232e43) Importer(815301076,1909f56bfc062723c751e8b465ee728b)  -> (artifact id: '23583eead1d80c78a0e3969811a46b52') in 0.012659 seconds 
========================================================================
Received Import Request.
  Time since last request: 0.000019 seconds.
  path: Assets/AssetStoreOriginals/_SNAPS_PrototypingAssets/SciFi_Industrial/Materials/Gray_snaps002.mat
  artifactKey: Guid(8621dfcb3dbf229428e45425021e0875) Importer(815301076,1909f56bfc062723c751e8b465ee728b)
Start importing Assets/AssetStoreOriginals/_SNAPS_PrototypingAssets/SciFi_Industrial/Materials/Gray_snaps002.mat using Guid(8621dfcb3dbf229428e45425021e0875) Importer(815301076,1909f56bfc062723c751e8b465ee728b)  -> (artifact id: '82e7938dd50a9139e798d7e4ee7cd5f7') in 0.010488 seconds 
========================================================================
Received Import Request.
  Time since last request: 0.000017 seconds.
  path: Assets/AssetStoreOriginals/_SNAPS_PrototypingAssets/SciFi_Industrial/Materials/Khaki Dark.mat
  artifactKey: Guid(651d0db5a5db31a4e8ea67cb0bb4bdca) Importer(815301076,1909f56bfc062723c751e8b465ee728b)
Start importing Assets/AssetStoreOriginals/_SNAPS_PrototypingAssets/SciFi_Industrial/Materials/Khaki Dark.mat using Guid(651d0db5a5db31a4e8ea67cb0bb4bdca) Importer(815301076,1909f56bfc062723c751e8b465ee728b)  -> (artifact id: '8f0acdae9db234c4fb7c406bf0bfdfc4') in 0.014592 seconds 
========================================================================
Received Import Request.
  Time since last request: 0.000019 seconds.
  path: Assets/AssetStoreOriginals/_SNAPS_PrototypingAssets/SciFi_Industrial/Materials/Machine Green_snaps002.mat
  artifactKey: Guid(86c38cc17be868947801ac9b80453963) Importer(815301076,1909f56bfc062723c751e8b465ee728b)
Start importing Assets/AssetStoreOriginals/_SNAPS_PrototypingAssets/SciFi_Industrial/Materials/Machine Green_snaps002.mat using Guid(86c38cc17be868947801ac9b80453963) Importer(815301076,1909f56bfc062723c751e8b465ee728b)  -> (artifact id: 'adc090a7132c8326eb67893db50fbc07') in 0.010459 seconds 
========================================================================
Received Import Request.
  Time since last request: 0.000024 seconds.
  path: Assets/AssetStoreOriginals/_SNAPS_PrototypingAssets/SciFi_Industrial/Materials/Machine Blue_snaps002.mat
  artifactKey: Guid(abbba6a8ef5ae9f4b864662d522758b1) Importer(815301076,1909f56bfc062723c751e8b465ee728b)
Start importing Assets/AssetStoreOriginals/_SNAPS_PrototypingAssets/SciFi_Industrial/Materials/Machine Blue_snaps002.mat using Guid(abbba6a8ef5ae9f4b864662d522758b1) Importer(815301076,1909f56bfc062723c751e8b465ee728b)  -> (artifact id: '0ba175e0d21f4429fc9d6d7ed0c688c4') in 0.012277 seconds 
========================================================================
Received Import Request.
  Time since last request: 0.000025 seconds.
  path: Assets/AssetStoreOriginals/_SNAPS_PrototypingAssets/SciFi_Industrial/Materials/BlueWindow_snaps002.mat
  artifactKey: Guid(50e8d87218c9f9649975e35ca3232d32) Importer(815301076,1909f56bfc062723c751e8b465ee728b)
Start importing Assets/AssetStoreOriginals/_SNAPS_PrototypingAssets/SciFi_Industrial/Materials/BlueWindow_snaps002.mat using Guid(50e8d87218c9f9649975e35ca3232d32) Importer(815301076,1909f56bfc062723c751e8b465ee728b)  -> (artifact id: '110e5e7e4a4f59260c6ab94106e10b7a') in 0.011890 seconds 
========================================================================
Received Import Request.
  Time since last request: 0.000030 seconds.
  path: Assets/AssetStoreOriginals/_SNAPS_PrototypingAssets/SciFi_Industrial/Materials/Green_snaps002.mat
  artifactKey: Guid(cff86b3f8014a6e4babecc006d77e004) Importer(815301076,1909f56bfc062723c751e8b465ee728b)
Start importing Assets/AssetStoreOriginals/_SNAPS_PrototypingAssets/SciFi_Industrial/Materials/Green_snaps002.mat using Guid(cff86b3f8014a6e4babecc006d77e004) Importer(815301076,1909f56bfc062723c751e8b465ee728b)  -> (artifact id: '30f42c7733c64691f7dc062948ce9b89') in 0.013665 seconds 
========================================================================
Received Import Request.
  Time since last request: 0.000021 seconds.
  path: Assets/AssetStoreOriginals/_SNAPS_PrototypingAssets/SciFi_Industrial/Materials/LightBlue_snaps002.mat
  artifactKey: Guid(4b600b0043b600a42a640a24ab4dea01) Importer(815301076,1909f56bfc062723c751e8b465ee728b)
Start importing Assets/AssetStoreOriginals/_SNAPS_PrototypingAssets/SciFi_Industrial/Materials/LightBlue_snaps002.mat using Guid(4b600b0043b600a42a640a24ab4dea01) Importer(815301076,1909f56bfc062723c751e8b465ee728b)  -> (artifact id: 'a6da511a2c22b1e76e81cd6b3bce38db') in 0.012281 seconds 
========================================================================
Received Import Request.
  Time since last request: 0.000018 seconds.
  path: Assets/AssetStoreOriginals/_SNAPS_PrototypingAssets/SciFi_Industrial/Materials/Machine Blue Dark_snaps002.mat
  artifactKey: Guid(779370d176aafca40a59fafa5ba422d3) Importer(815301076,1909f56bfc062723c751e8b465ee728b)
Start importing Assets/AssetStoreOriginals/_SNAPS_PrototypingAssets/SciFi_Industrial/Materials/Machine Blue Dark_snaps002.mat using Guid(779370d176aafca40a59fafa5ba422d3) Importer(815301076,1909f56bfc062723c751e8b465ee728b)  -> (artifact id: 'bf868af959511a81fa5febfb71c45896') in 0.011501 seconds 
========================================================================
Received Import Request.
  Time since last request: 0.000017 seconds.
  path: Assets/AssetStoreOriginals/_SNAPS_PrototypingAssets/SciFi_Industrial/Materials/Khaki_snaps002.mat
  artifactKey: Guid(4f6a32ae4320c1d489759d620e71be9b) Importer(815301076,1909f56bfc062723c751e8b465ee728b)
Start importing Assets/AssetStoreOriginals/_SNAPS_PrototypingAssets/SciFi_Industrial/Materials/Khaki_snaps002.mat using Guid(4f6a32ae4320c1d489759d620e71be9b) Importer(815301076,1909f56bfc062723c751e8b465ee728b)  -> (artifact id: 'b5ba8e19d754608c507391ec813a84a5') in 0.013243 seconds 
========================================================================
Received Import Request.
  Time since last request: 0.000029 seconds.
  path: Assets/AssetStoreOriginals/_SNAPS_PrototypingAssets/SciFi_Industrial/Materials/Machine Orange Light_snaps002.mat
  artifactKey: Guid(dfe499413b9e65e409dcfaa1013609fb) Importer(815301076,1909f56bfc062723c751e8b465ee728b)
Start importing Assets/AssetStoreOriginals/_SNAPS_PrototypingAssets/SciFi_Industrial/Materials/Machine Orange Light_snaps002.mat using Guid(dfe499413b9e65e409dcfaa1013609fb) Importer(815301076,1909f56bfc062723c751e8b465ee728b)  -> (artifact id: '4a2e01c2f5d3d93b52ae94eb88f827e4') in 0.011225 seconds 
========================================================================
Received Import Request.
  Time since last request: 0.000031 seconds.
  path: Assets/AssetStoreOriginals/_SNAPS_PrototypingAssets/SciFi_Industrial/Materials/Gold_snaps002.mat
  artifactKey: Guid(f6acf520cc3bc374dbffd256f175bd4d) Importer(815301076,1909f56bfc062723c751e8b465ee728b)
Start importing Assets/AssetStoreOriginals/_SNAPS_PrototypingAssets/SciFi_Industrial/Materials/Gold_snaps002.mat using Guid(f6acf520cc3bc374dbffd256f175bd4d) Importer(815301076,1909f56bfc062723c751e8b465ee728b)  -> (artifact id: '45be27c2793d22649d4ff222c2da039e') in 0.012642 seconds 
========================================================================
Received Import Request.
  Time since last request: 0.000021 seconds.
  path: Assets/AssetStoreOriginals/_SNAPS_PrototypingAssets/SciFi_Industrial/Materials/Machine Green Light_snaps002.mat
  artifactKey: Guid(3f95858cfa41c214495626e4e810179e) Importer(815301076,1909f56bfc062723c751e8b465ee728b)
Start importing Assets/AssetStoreOriginals/_SNAPS_PrototypingAssets/SciFi_Industrial/Materials/Machine Green Light_snaps002.mat using Guid(3f95858cfa41c214495626e4e810179e) Importer(815301076,1909f56bfc062723c751e8b465ee728b)  -> (artifact id: '5d53834c325323eb259a4b44ef759196') in 0.011679 seconds 
========================================================================
Received Import Request.
  Time since last request: 0.000033 seconds.
  path: Assets/AssetStoreOriginals/_SNAPS_PrototypingAssets/SciFi_Industrial/Materials/BrownLight_snaps002.mat
  artifactKey: Guid(9dd3f5b3049028f4e948921f3bf87f79) Importer(815301076,1909f56bfc062723c751e8b465ee728b)
Start importing Assets/AssetStoreOriginals/_SNAPS_PrototypingAssets/SciFi_Industrial/Materials/BrownLight_snaps002.mat using Guid(9dd3f5b3049028f4e948921f3bf87f79) Importer(815301076,1909f56bfc062723c751e8b465ee728b)  -> (artifact id: '537621a8347d375194c0b8b038205354') in 0.014023 seconds 
========================================================================
Received Import Request.
  Time since last request: 6.055571 seconds.
  path: Assets/AssetStoreOriginals/_SNAPS_PrototypingAssets/SciFi_Industrial/Prefabs/Props/Barrel_02_snaps002.prefab
  artifactKey: Guid(8b1fc8f56ae45b44a91ace88f0db210c) Importer(815301076,1909f56bfc062723c751e8b465ee728b)
Start importing Assets/AssetStoreOriginals/_SNAPS_PrototypingAssets/SciFi_Industrial/Prefabs/Props/Barrel_02_snaps002.prefab using Guid(8b1fc8f56ae45b44a91ace88f0db210c) Importer(815301076,1909f56bfc062723c751e8b465ee728b)  -> (artifact id: '584967a41cc2a97b4375b8759efba52f') in 0.017260 seconds 
========================================================================
Received Import Request.
  Time since last request: 0.000017 seconds.
  path: Assets/AssetStoreOriginals/_SNAPS_PrototypingAssets/SciFi_Industrial/Prefabs/Props/Console_01_snaps002.prefab
  artifactKey: Guid(8b1040fedd8c3484ba95a29f1f562955) Importer(815301076,1909f56bfc062723c751e8b465ee728b)
Start importing Assets/AssetStoreOriginals/_SNAPS_PrototypingAssets/SciFi_Industrial/Prefabs/Props/Console_01_snaps002.prefab using Guid(8b1040fedd8c3484ba95a29f1f562955) Importer(815301076,1909f56bfc062723c751e8b465ee728b)  -> (artifact id: '630fbd766e3a8ed9b1bbe966c23198f7') in 0.015700 seconds 
========================================================================
Received Import Request.
  Time since last request: 0.000022 seconds.
  path: Assets/AssetStoreOriginals/_SNAPS_PrototypingAssets/SciFi_Industrial/Prefabs/Props/D-Shell_02_snaps002.prefab
  artifactKey: Guid(5b8f8fa316b8efb46bf59ae139b2b780) Importer(815301076,1909f56bfc062723c751e8b465ee728b)
Start importing Assets/AssetStoreOriginals/_SNAPS_PrototypingAssets/SciFi_Industrial/Prefabs/Props/D-Shell_02_snaps002.prefab using Guid(5b8f8fa316b8efb46bf59ae139b2b780) Importer(815301076,1909f56bfc062723c751e8b465ee728b)  -> (artifact id: '88b7e9a8cdb9b3274bb9772f3572e5b7') in 0.018978 seconds 
========================================================================
Received Import Request.
  Time since last request: 0.000020 seconds.
  path: Assets/AssetStoreOriginals/_SNAPS_PrototypingAssets/SciFi_Industrial/Prefabs/Props/GuardRail_02_snaps002.prefab
  artifactKey: Guid(9a80f1159de6c8249a43aee2815a177d) Importer(815301076,1909f56bfc062723c751e8b465ee728b)
Start importing Assets/AssetStoreOriginals/_SNAPS_PrototypingAssets/SciFi_Industrial/Prefabs/Props/GuardRail_02_snaps002.prefab using Guid(9a80f1159de6c8249a43aee2815a177d) Importer(815301076,1909f56bfc062723c751e8b465ee728b)  -> (artifact id: '6c3df386fa50ffa8444851de17b7f88d') in 0.014278 seconds 
========================================================================
Received Import Request.
  Time since last request: 0.000029 seconds.
  path: Assets/AssetStoreOriginals/_SNAPS_PrototypingAssets/SciFi_Industrial/Prefabs/Props/PodHolder_snaps002.prefab
  artifactKey: Guid(a1a83d2092ced8a469dab21cf6c7133b) Importer(815301076,1909f56bfc062723c751e8b465ee728b)
Start importing Assets/AssetStoreOriginals/_SNAPS_PrototypingAssets/SciFi_Industrial/Prefabs/Props/PodHolder_snaps002.prefab using Guid(a1a83d2092ced8a469dab21cf6c7133b) Importer(815301076,1909f56bfc062723c751e8b465ee728b)  -> (artifact id: '843e1ff2680a1df052ca839463cf1cc1') in 0.021913 seconds 
========================================================================
Received Import Request.
  Time since last request: 0.000035 seconds.
  path: Assets/AssetStoreOriginals/_SNAPS_PrototypingAssets/SciFi_Industrial/Prefabs/Props/Pod_snaps002.prefab
  artifactKey: Guid(092812366f3cfac4a9cc2d1a727ff7ba) Importer(815301076,1909f56bfc062723c751e8b465ee728b)
Start importing Assets/AssetStoreOriginals/_SNAPS_PrototypingAssets/SciFi_Industrial/Prefabs/Props/Pod_snaps002.prefab using Guid(092812366f3cfac4a9cc2d1a727ff7ba) Importer(815301076,1909f56bfc062723c751e8b465ee728b)  -> (artifact id: 'e78e7e7c93704a520b6ef38afa42cd1c') in 0.015340 seconds 
========================================================================
Received Import Request.
  Time since last request: 0.000031 seconds.
  path: Assets/AssetStoreOriginals/_SNAPS_PrototypingAssets/SciFi_Industrial/Prefabs/Props/GuardRail_02_Plugs_snaps002.prefab
  artifactKey: Guid(e16bbcb55b8cc1547828240ad568589f) Importer(815301076,1909f56bfc062723c751e8b465ee728b)
Start importing Assets/AssetStoreOriginals/_SNAPS_PrototypingAssets/SciFi_Industrial/Prefabs/Props/GuardRail_02_Plugs_snaps002.prefab using Guid(e16bbcb55b8cc1547828240ad568589f) Importer(815301076,1909f56bfc062723c751e8b465ee728b)  -> (artifact id: 'f2cb7d19004e60e59ff012f8e328ebf5') in 0.014053 seconds 
========================================================================
Received Import Request.
  Time since last request: 0.000023 seconds.
  path: Assets/AssetStoreOriginals/_SNAPS_PrototypingAssets/SciFi_Industrial/Prefabs/Props/Storage_01_snaps002.prefab
  artifactKey: Guid(96bafbd921a8d1f459a26237511562e5) Importer(815301076,1909f56bfc062723c751e8b465ee728b)
Start importing Assets/AssetStoreOriginals/_SNAPS_PrototypingAssets/SciFi_Industrial/Prefabs/Props/Storage_01_snaps002.prefab using Guid(96bafbd921a8d1f459a26237511562e5) Importer(815301076,1909f56bfc062723c751e8b465ee728b)  -> (artifact id: '6ca1b5e9460388facb710ff5e635931f') in 0.015913 seconds 
========================================================================
Received Import Request.
  Time since last request: 0.000018 seconds.
  path: Assets/AssetStoreOriginals/_SNAPS_PrototypingAssets/SciFi_Industrial/Prefabs/Props/LootBox_02_snaps002.prefab
  artifactKey: Guid(d7793afbdc0cfaa40b52b9a1d5fa2aed) Importer(815301076,1909f56bfc062723c751e8b465ee728b)
Start importing Assets/AssetStoreOriginals/_SNAPS_PrototypingAssets/SciFi_Industrial/Prefabs/Props/LootBox_02_snaps002.prefab using Guid(d7793afbdc0cfaa40b52b9a1d5fa2aed) Importer(815301076,1909f56bfc062723c751e8b465ee728b)  -> (artifact id: '7a40ca2bdfcebdf94c011d0578a929a5') in 0.014467 seconds 
========================================================================
Received Import Request.
  Time since last request: 0.000022 seconds.
  path: Assets/AssetStoreOriginals/_SNAPS_PrototypingAssets/SciFi_Industrial/Prefabs/Props/Storage_03_snaps002.prefab
  artifactKey: Guid(6f6bf2b372bf5ea43977fb96a1b11e88) Importer(815301076,1909f56bfc062723c751e8b465ee728b)
Start importing Assets/AssetStoreOriginals/_SNAPS_PrototypingAssets/SciFi_Industrial/Prefabs/Props/Storage_03_snaps002.prefab using Guid(6f6bf2b372bf5ea43977fb96a1b11e88) Importer(815301076,1909f56bfc062723c751e8b465ee728b)  -> (artifact id: '890e08b78319eff4f2858f5d9610126c') in 0.019712 seconds 
========================================================================
Received Import Request.
  Time since last request: 0.000019 seconds.
  path: Assets/AssetStoreOriginals/_SNAPS_PrototypingAssets/SciFi_Industrial/Prefabs/Props/Gen_Part_01_snaps002.prefab
  artifactKey: Guid(84773773c2703ef46b1bbeb8abaab0f7) Importer(815301076,1909f56bfc062723c751e8b465ee728b)
Start importing Assets/AssetStoreOriginals/_SNAPS_PrototypingAssets/SciFi_Industrial/Prefabs/Props/Gen_Part_01_snaps002.prefab using Guid(84773773c2703ef46b1bbeb8abaab0f7) Importer(815301076,1909f56bfc062723c751e8b465ee728b)  -> (artifact id: 'b23136ab1b6af46c666c2c058ca19f12') in 0.012287 seconds 
========================================================================
Received Import Request.
  Time since last request: 0.000020 seconds.
  path: Assets/AssetStoreOriginals/_SNAPS_PrototypingAssets/SciFi_Industrial/Prefabs/Props/GuardRail_01_End_snaps002.prefab
  artifactKey: Guid(b12c4c105828040468dcc041ca32ce5e) Importer(815301076,1909f56bfc062723c751e8b465ee728b)
Start importing Assets/AssetStoreOriginals/_SNAPS_PrototypingAssets/SciFi_Industrial/Prefabs/Props/GuardRail_01_End_snaps002.prefab using Guid(b12c4c105828040468dcc041ca32ce5e) Importer(815301076,1909f56bfc062723c751e8b465ee728b)  -> (artifact id: 'ed952b1009734cc213d5f5e5f62a6e13') in 0.012865 seconds 
========================================================================
Received Import Request.
  Time since last request: 0.000021 seconds.
  path: Assets/AssetStoreOriginals/_SNAPS_PrototypingAssets/SciFi_Industrial/Prefabs/Props/DClamp_02_snaps002.prefab
  artifactKey: Guid(3e8a4d075f30b3b478dfb7a20f36e41b) Importer(815301076,1909f56bfc062723c751e8b465ee728b)
Start importing Assets/AssetStoreOriginals/_SNAPS_PrototypingAssets/SciFi_Industrial/Prefabs/Props/DClamp_02_snaps002.prefab using Guid(3e8a4d075f30b3b478dfb7a20f36e41b) Importer(815301076,1909f56bfc062723c751e8b465ee728b)  -> (artifact id: 'be59c9a3cc19c7e36f4daa8ce94e70e8') in 0.014779 seconds 
========================================================================
Received Import Request.
  Time since last request: 0.000039 seconds.
  path: Assets/AssetStoreOriginals/_SNAPS_PrototypingAssets/SciFi_Industrial/Prefabs/Props/PodCab_snaps002.prefab
  artifactKey: Guid(973473539eca4c0469c4270f108e438f) Importer(815301076,1909f56bfc062723c751e8b465ee728b)
Start importing Assets/AssetStoreOriginals/_SNAPS_PrototypingAssets/SciFi_Industrial/Prefabs/Props/PodCab_snaps002.prefab using Guid(973473539eca4c0469c4270f108e438f) Importer(815301076,1909f56bfc062723c751e8b465ee728b)  -> (artifact id: '2950f2b32fd0acc068d5a0dd37fd5341') in 0.016182 seconds 
Editor requested this worker to shutdown with reason: Scaling down because of idle timeout
AssetImportWorker is now disconnected from the server
Process exiting
Exiting without the bug reporter. Application will terminate with return code 0